#
# A fatal error has been detected by the Java Runtime Environment:
#
#  SIGSEGV (0xb) at pc=0x00007f1b383004e3, pid=25550, tid=0x00007f1a984ec700
#
# JRE version: Java(TM) SE Runtime Environment (8.0_271-b09) (build 1.8.0_271-b09)
# Java VM: Java HotSpot(TM) 64-Bit Server VM (25.271-b09 mixed mode linux-amd64 compressed oops)
# Problematic frame:
# C  [libc.so.6+0xbb4e3]
#
# Failed to write core dump. Core dumps have been disabled. To enable core dumping, try "ulimit -c unlimited" before starting Java again
#
# If you would like to submit a bug report, please visit:
#   http://bugreport.java.com/bugreport/crash.jsp
# The crash happened outside the Java Virtual Machine in native code.
# See problematic frame for where to report the bug.
#

---------------  T H R E A D  ---------------

Current thread (0x00007f1b08110800):  JavaThread "Thread-5" [_thread_in_native, id=15413, stack(0x00007f1a983ec000,0x00007f1a984ed000)]

siginfo: si_signo: 11 (SIGSEGV), si_code: 2 (SEGV_ACCERR), si_addr: 0x00007f1b075d0ffc

Registers:
RAX=0x00007f1b1c01d510, RBX=0x00007f1b301a39b0, RCX=0x00007f1b075d0ffc, RDX=0x0000000000005860
RSP=0x00007f1a984e9568, RBP=0x00007f1a984e95e0, RSI=0x00007f1b075cb7ac, RDI=0x00007f1b1c01d510
R8 =0x000000000000000e, R9 =0x00007f1b1c022d60, R10=0x00007f1b1c01d510, R11=0x00007f1b1c02436e
R12=0x0000000000006e6e, R13=0x0000000000006e6e, R14=0x00007f1b3083dc50, R15=0x00007f1b075c12e7
RIP=0x00007f1b383004e3, EFLAGS=0x0000000000010202, CSGSFS=0x002b000000000033, ERR=0x0000000000000004
  TRAPNO=0x000000000000000e

Top of Stack: (sp=0x00007f1a984e9568)
0x00007f1a984e9568:   00007f1b35e1e0de 00007f1b1c010dd0
0x00007f1a984e9578:   00006168984e95d0 0000000000000000
0x00007f1a984e9588:   00007f1b00006168 000000002e312472
0x00007f1a984e9598:   00007f1b1c010dd0 000000000000432f
0x00007f1a984e95a8:   0000000061686e6e 000000000000003b
0x00007f1a984e95b8:   00007f1b3022f9d0 000000000000003b
0x00007f1a984e95c8:   00000000673ace86 00007f1b301a39b0
0x00007f1a984e95d8:   00007f1a9c0b9f00 00007f1a984e9630
0x00007f1a984e95e8:   00007f1b35e1e9fe 010000000000003b
0x00007f1a984e95f8:   00007f1a984e9650 00007f1b08110fe0
0x00007f1a984e9608:   000000000000003b 00007f1b081109f8
0x00007f1a984e9618:   00007f1a984e9aa8 00007f1a984e9650
0x00007f1a984e9628:   00007f1b301a39b0 00007f1a984e9a90
0x00007f1a984e9638:   00007f1b35e0fa75 00007f1b08111060
0x00007f1a984e9648:   00007f1b00000001 6574696c2f67726f
0x00007f1a984e9658:   632f736e656b6f74 766f2f6e6f6d6d6f
0x00007f1a984e9668:   65732f79616c7265 6168432f72657672
0x00007f1a984e9678:   616e614d6c656e6e 6c632e3124726567
0x00007f1a984e9688:   00007f1a00737361 00007f1a984e9e90
0x00007f1a984e9698:   00007f1b08110800 00000000070e2338
0x00007f1a984e96a8:   00007f1b08110fe0 00007f1b34590750
0x00007f1a984e96b8:   00007f1b08110800 00007f1b9a4a9e18
0x00007f1a984e96c8:   00000001000000b9 00007f1b34b2ddf0
0x00007f1a984e96d8:   00007f1b382d359c 00007f1a984ea188
0x00007f1a984e96e8:   00007f1b2104609a 00007f1b21045fd0
0x00007f1a984e96f8:   00007f1b37d97899 00007f1a984e9ca0
0x00007f1a984e9708:   00007f1a984e9e78 0000000000000000
0x00007f1a984e9718:   00007f1a984e9cb0 00007f1b3862cfa0
0x00007f1a984e9728:   00007f1b382a0aaa 00007f1a984eb080
0x00007f1a984e9738:   00007f1a984eae50 00007f1b34b2d838
0x00007f1a984e9748:   00007f1b08110800 0000000000000000
0x00007f1a984e9758:   00007f1a984eae24 ffffffffffffffff 

Instructions: (pc=0x00007f1b383004e3)
0x00007f1b383004c3:   4d 89 d9 4d 89 d8 49 83 e0 0f 4c 29 c1 4d 29 c1
0x00007f1b383004d3:   4c 29 c2 48 3b 15 7b 52 33 00 0f 87 af 00 00 00
0x00007f1b383004e3:   0f 10 01 0f 10 49 f0 0f 10 51 e0 0f 10 59 d0 48
0x00007f1b383004f3:   83 e9 40 48 83 ea 40 41 0f 29 01 41 0f 29 49 f0 

Register to memory mapping:

RAX=0x00007f1b1c01d510 is an unknown value
RBX=0x00007f1b301a39b0 is an unknown value
RCX=0x00007f1b075d0ffc is an unknown value
RDX=0x0000000000005860 is an unknown value
RSP=0x00007f1a984e9568 is pointing into the stack for thread: 0x00007f1b08110800
RBP=0x00007f1a984e95e0 is pointing into the stack for thread: 0x00007f1b08110800
RSI=0x00007f1b075cb7ac is an unknown value
RDI=0x00007f1b1c01d510 is an unknown value
R8 =0x000000000000000e is an unknown value
R9 =0x00007f1b1c022d60 is an unknown value
R10=0x00007f1b1c01d510 is an unknown value
R11=0x00007f1b1c02436e is an unknown value
R12=0x0000000000006e6e is an unknown value
R13=0x0000000000006e6e is an unknown value
R14=0x00007f1b3083dc50 is an unknown value
R15=0x00007f1b075c12e7 is an unknown value


Stack: [0x00007f1a983ec000,0x00007f1a984ed000],  sp=0x00007f1a984e9568,  free space=1013k
Native frames: (J=compiled Java code, j=interpreted, Vv=VM code, C=native code)
C  [libc.so.6+0xbb4e3]
C  [libzip.so+0x129fe]  ZIP_GetEntry2+0xde
C  [libzip.so+0x3a75]  Java_java_util_zip_ZipFile_getEntry+0x85
J 184  java.util.zip.ZipFile.getEntry(J[BZ)J (0 bytes) @ 0x00007f1b2117174e [0x00007f1b21171680+0xce]
J 3036 C2 java.util.jar.JarFile.getEntry(Ljava/lang/String;)Ljava/util/zip/ZipEntry; (22 bytes) @ 0x00007f1b21af883c [0x00007f1b21af8400+0x43c]
J 2248 C2 sun.misc.URLClassPath$JarLoader.getResource(Ljava/lang/String;Z)Lsun/misc/Resource; (85 bytes) @ 0x00007f1b2187bba4 [0x00007f1b2187b9c0+0x1e4]
J 1594 C2 sun.misc.URLClassPath.getResource(Ljava/lang/String;Z)Lsun/misc/Resource; (83 bytes) @ 0x00007f1b21581228 [0x00007f1b21581100+0x128]
J 3428 C1 java.net.URLClassLoader$1.run()Ljava/lang/Class; (63 bytes) @ 0x00007f1b21b20174 [0x00007f1b21b200c0+0xb4]
J 3429 C1 java.net.URLClassLoader$1.run()Ljava/lang/Object; (5 bytes) @ 0x00007f1b21b1fd64 [0x00007f1b21b1fd00+0x64]
v  ~StubRoutines::call_stub
V  [libjvm.so+0x68c2ba]  JavaCalls::call_helper(JavaValue*, methodHandle*, JavaCallArguments*, Thread*)+0xe1a
V  [libjvm.so+0x706963]  JVM_DoPrivileged+0x553
J 178  java.security.AccessController.doPrivileged(Ljava/security/PrivilegedExceptionAction;Ljava/security/AccessControlContext;)Ljava/lang/Object; (0 bytes) @ 0x00007f1b2116c855 [0x00007f1b2116c780+0xd5]
J 1823 C2 java.lang.ClassLoader.loadClass(Ljava/lang/String;Z)Ljava/lang/Class; (122 bytes) @ 0x00007f1b216308f8 [0x00007f1b2162fde0+0xb18]
J 3102 C2 java.lang.ClassLoader.loadClass(Ljava/lang/String;)Ljava/lang/Class; (7 bytes) @ 0x00007f1b21b1d7a0 [0x00007f1b21b1d600+0x1a0]
v  ~StubRoutines::call_stub
V  [libjvm.so+0x68c2ba]  JavaCalls::call_helper(JavaValue*, methodHandle*, JavaCallArguments*, Thread*)+0xe1a
V  [libjvm.so+0x689973]  JavaCalls::call_virtual(JavaValue*, KlassHandle, Symbol*, Symbol*, JavaCallArguments*, Thread*)+0x263
V  [libjvm.so+0x689fc4]  JavaCalls::call_virtual(JavaValue*, Handle, KlassHandle, Symbol*, Symbol*, Handle, Thread*)+0x64
V  [libjvm.so+0xa51424]  SystemDictionary::load_instance_class(Symbol*, Handle, Thread*)+0x2e4
V  [libjvm.so+0xa4fdeb]  SystemDictionary::resolve_instance_class_or_null(Symbol*, Handle, Handle, Thread*)+0x87b
V  [libjvm.so+0xa51cd9]  SystemDictionary::resolve_or_fail(Symbol*, Handle, Handle, bool, Thread*)+0x49
V  [libjvm.so+0x4d5948]  ConstantPool::klass_at_impl(constantPoolHandle, int, Thread*)+0x328
V  [libjvm.so+0x4d679b]  ConstantPool::klass_ref_at(int, Thread*)+0xbb
V  [libjvm.so+0x7db505]  LinkResolver::resolve_field_access(fieldDescriptor&, constantPoolHandle, int, Bytecodes::Code, Thread*)+0x95
V  [libjvm.so+0x67d87e]  InterpreterRuntime::resolve_get_put(JavaThread*, Bytecodes::Code)+0x24e
j  org.litetokens.common.overlay.server.ChannelManager.processDisconnect(Lorg/litetokens/common/overlay/server/Channel;Lorg/litetokens/protos/Protocol$ReasonCode;)V+10
j  org.litetokens.common.overlay.server.Channel.disconnect(Lorg/litetokens/protos/Protocol$ReasonCode;)V+11
j  org.litetokens.core.net.node.NodeImpl.disconnectPeer(Lorg/litetokens/core/net/peer/PeerConnection;Lorg/litetokens/protos/Protocol$ReasonCode;)V+7
j  org.litetokens.core.net.node.NodeImpl.lambda$close$0(Lorg/litetokens/core/net/peer/PeerConnection;)V+5
j  org.litetokens.core.net.node.NodeImpl$$Lambda$398.accept(Ljava/lang/Object;)V+8
J 5576 C2 java.util.ArrayList.forEach(Ljava/util/function/Consumer;)V (75 bytes) @ 0x00007f1b21aa5f64 [0x00007f1b21aa5ea0+0xc4]
j  org.litetokens.core.net.node.NodeImpl.close()V+10
j  org.litetokens.common.application.ApplicationImpl.closeConnection()V+14
j  org.litetokens.common.application.ApplicationImpl.shutdown()V+39
j  org.litetokens.program.FullNode$$Lambda$267.run()V+4
j  java.lang.Thread.run()V+11
v  ~StubRoutines::call_stub
V  [libjvm.so+0x68c2ba]  JavaCalls::call_helper(JavaValue*, methodHandle*, JavaCallArguments*, Thread*)+0xe1a
V  [libjvm.so+0x689973]  JavaCalls::call_virtual(JavaValue*, KlassHandle, Symbol*, Symbol*, JavaCallArguments*, Thread*)+0x263
V  [libjvm.so+0x689f47]  JavaCalls::call_virtual(JavaValue*, Handle, KlassHandle, Symbol*, Symbol*, Thread*)+0x57
V  [libjvm.so+0x6f78fc]  thread_entry(JavaThread*, Thread*)+0x6c
V  [libjvm.so+0xa8734b]  JavaThread::thread_main_inner()+0xdb
V  [libjvm.so+0xa87651]  JavaThread::run()+0x2d1
V  [libjvm.so+0x915cd2]  java_start(Thread*)+0x102
C  [libpthread.so.0+0x76db]  start_thread+0xdb

Java frames: (J=compiled Java code, j=interpreted, Vv=VM code)
J 184  java.util.zip.ZipFile.getEntry(J[BZ)J (0 bytes) @ 0x00007f1b211716d8 [0x00007f1b21171680+0x58]
J 3036 C2 java.util.jar.JarFile.getEntry(Ljava/lang/String;)Ljava/util/zip/ZipEntry; (22 bytes) @ 0x00007f1b21af883c [0x00007f1b21af8400+0x43c]
J 2248 C2 sun.misc.URLClassPath$JarLoader.getResource(Ljava/lang/String;Z)Lsun/misc/Resource; (85 bytes) @ 0x00007f1b2187bba4 [0x00007f1b2187b9c0+0x1e4]
J 1594 C2 sun.misc.URLClassPath.getResource(Ljava/lang/String;Z)Lsun/misc/Resource; (83 bytes) @ 0x00007f1b21581228 [0x00007f1b21581100+0x128]
J 3428 C1 java.net.URLClassLoader$1.run()Ljava/lang/Class; (63 bytes) @ 0x00007f1b21b20174 [0x00007f1b21b200c0+0xb4]
J 3429 C1 java.net.URLClassLoader$1.run()Ljava/lang/Object; (5 bytes) @ 0x00007f1b21b1fd64 [0x00007f1b21b1fd00+0x64]
v  ~StubRoutines::call_stub
J 178  java.security.AccessController.doPrivileged(Ljava/security/PrivilegedExceptionAction;Ljava/security/AccessControlContext;)Ljava/lang/Object; (0 bytes) @ 0x00007f1b2116c7e3 [0x00007f1b2116c780+0x63]
J 1823 C2 java.lang.ClassLoader.loadClass(Ljava/lang/String;Z)Ljava/lang/Class; (122 bytes) @ 0x00007f1b216308f8 [0x00007f1b2162fde0+0xb18]
J 3102 C2 java.lang.ClassLoader.loadClass(Ljava/lang/String;)Ljava/lang/Class; (7 bytes) @ 0x00007f1b21b1d7a0 [0x00007f1b21b1d600+0x1a0]
v  ~StubRoutines::call_stub
j  org.litetokens.common.overlay.server.ChannelManager.processDisconnect(Lorg/litetokens/common/overlay/server/Channel;Lorg/litetokens/protos/Protocol$ReasonCode;)V+10
j  org.litetokens.common.overlay.server.Channel.disconnect(Lorg/litetokens/protos/Protocol$ReasonCode;)V+11
j  org.litetokens.core.net.node.NodeImpl.disconnectPeer(Lorg/litetokens/core/net/peer/PeerConnection;Lorg/litetokens/protos/Protocol$ReasonCode;)V+7
j  org.litetokens.core.net.node.NodeImpl.lambda$close$0(Lorg/litetokens/core/net/peer/PeerConnection;)V+5
j  org.litetokens.core.net.node.NodeImpl$$Lambda$398.accept(Ljava/lang/Object;)V+8
J 5576 C2 java.util.ArrayList.forEach(Ljava/util/function/Consumer;)V (75 bytes) @ 0x00007f1b21aa5f64 [0x00007f1b21aa5ea0+0xc4]
j  org.litetokens.core.net.node.NodeImpl.close()V+10
j  org.litetokens.common.application.ApplicationImpl.closeConnection()V+14
j  org.litetokens.common.application.ApplicationImpl.shutdown()V+39
j  org.litetokens.program.FullNode$$Lambda$267.run()V+4
j  java.lang.Thread.run()V+11
v  ~StubRoutines::call_stub

---------------  P R O C E S S  ---------------

Java Threads: ( => current thread )
=>0x00007f1b08110800 JavaThread "Thread-5" [_thread_in_native, id=15413, stack(0x00007f1a983ec000,0x00007f1a984ed000)]
  0x00007f1af4010000 JavaThread "SIGINT handler" daemon [_thread_blocked, id=15409, stack(0x00007f1a987f0000,0x00007f1a988f1000)]
  0x00007f1af80bc000 JavaThread "nioEventLoopGroup-6-3" [_thread_in_native, id=2767, stack(0x00007f1a988f1000,0x00007f1a989f2000)]
  0x00007f1af8139800 JavaThread "nioEventLoopGroup-6-2" [_thread_in_native, id=30168, stack(0x00007f1a99af3000,0x00007f1a99bf4000)]
  0x00007f1a9c0a0800 JavaThread "storage-row" [_thread_blocked, id=26005, stack(0x00007f1a9a5f5000,0x00007f1a9a6f6000)]
  0x00007f1a9c09f000 JavaThread "DelegatedResourceAccountIndex" [_thread_blocked, id=26004, stack(0x00007f1a9a6f6000,0x00007f1a9a7f7000)]
  0x00007f1a9c09d000 JavaThread "DelegatedResource" [_thread_blocked, id=26003, stack(0x00007f1a9a7f7000,0x00007f1a9a8f8000)]
  0x00007f1a9c09b800 JavaThread "contract" [_thread_blocked, id=26002, stack(0x00007f1a9a8f8000,0x00007f1a9a9f9000)]
  0x00007f1a9c099800 JavaThread "code" [_thread_blocked, id=26001, stack(0x00007f1a9a9f9000,0x00007f1a9aafa000)]
  0x00007f1a9c098000 JavaThread "transactionHistoryStore" [_thread_blocked, id=26000, stack(0x00007f1a9aafa000,0x00007f1a9abfb000)]
  0x00007f1a9c096000 JavaThread "exchange-v2" [_thread_blocked, id=25999, stack(0x00007f1a9abfb000,0x00007f1a9acfc000)]
  0x00007f1a9c094000 JavaThread "exchange" [_thread_blocked, id=25998, stack(0x00007f1a9acfc000,0x00007f1a9adfd000)]
  0x00007f1a9c092000 JavaThread "proposal" [_thread_blocked, id=25997, stack(0x00007f1a9adfd000,0x00007f1a9aefe000)]
  0x00007f1a9c090800 JavaThread "votes" [_thread_blocked, id=25996, stack(0x00007f1a9aefe000,0x00007f1a9afff000)]
  0x00007f1a9c08e800 JavaThread "recent-block" [_thread_blocked, id=25995, stack(0x00007f1aac0d2000,0x00007f1aac1d3000)]
  0x00007f1a9c08d000 JavaThread "witness_schedule" [_thread_blocked, id=25994, stack(0x00007f1aac1d3000,0x00007f1aac2d4000)]
  0x00007f1a9c08b000 JavaThread "account-index" [_thread_blocked, id=25993, stack(0x00007f1aac2d4000,0x00007f1aac3d5000)]
  0x00007f1a9c089000 JavaThread "accountid-index" [_thread_blocked, id=25992, stack(0x00007f1aac3d5000,0x00007f1aac4d6000)]
  0x00007f1a9c087800 JavaThread "block-index" [_thread_blocked, id=25991, stack(0x00007f1aac4d6000,0x00007f1aac5d7000)]
  0x00007f1a9c085800 JavaThread "properties" [_thread_blocked, id=25990, stack(0x00007f1aac5d7000,0x00007f1aac6d8000)]
  0x00007f1a9c084000 JavaThread "asset-issue" [_thread_blocked, id=25989, stack(0x00007f1aac6d8000,0x00007f1aac7d9000)]
  0x00007f1a9c082000 JavaThread "asset-issue-v2" [_thread_blocked, id=25988, stack(0x00007f1aac7d9000,0x00007f1aac8da000)]
  0x00007f1a9c081000 JavaThread "witness" [_thread_blocked, id=25987, stack(0x00007f1aac8da000,0x00007f1aac9db000)]
  0x00007f1a9c059800 JavaThread "trans" [_thread_blocked, id=25986, stack(0x00007f1aac9db000,0x00007f1aacadc000)]
  0x00007f1a9c058000 JavaThread "block" [_thread_blocked, id=25985, stack(0x00007f1aacadc000,0x00007f1aacbdd000)]
  0x00007f1a9c066000 JavaThread "account" [_thread_blocked, id=25984, stack(0x00007f1aacbdd000,0x00007f1aaccde000)]
  0x00007f1b18077000 JavaThread "P2pPingTimer" [_thread_blocked, id=25941, stack(0x00007f1aaccde000,0x00007f1aacddf000)]
  0x00007f1b1806d000 JavaThread "sendMsgThread-/45.76.175.22:54508" [_thread_blocked, id=25940, stack(0x00007f1aacddf000,0x00007f1aacee0000)]
  0x00007f1b18048000 JavaThread "sendTimer" [_thread_blocked, id=25939, stack(0x00007f1aacee0000,0x00007f1aacfe1000)]
  0x00007f1af808d000 JavaThread "nioEventLoopGroup-6-1" [_thread_in_native, id=25938, stack(0x00007f1b06897000,0x00007f1b06998000)]
  0x00007f1b3034e800 JavaThread "pool-9-thread-1" [_thread_blocked, id=25810, stack(0x00007f1aad1e1000,0x00007f1aad2e2000)]
  0x00007f1b3034c800 JavaThread "pool-7-thread-1" [_thread_blocked, id=25809, stack(0x00007f1aad2e2000,0x00007f1aad3e3000)]
  0x00007f1b307a1800 JavaThread "pool-6-thread-1" [_thread_blocked, id=25808, stack(0x00007f1aad3e3000,0x00007f1aad4e4000)]
  0x00007f1b3079f800 JavaThread "pool-3-thread-1" [_thread_blocked, id=25807, stack(0x00007f1aad4e4000,0x00007f1aad5e5000)]
  0x00007f1b303a6800 JavaThread "pool-5-thread-1" [_thread_blocked, id=25806, stack(0x00007f1aad5e5000,0x00007f1aad6e6000)]
  0x00007f1b303a4800 JavaThread "pool-8-thread-1" [_thread_blocked, id=25805, stack(0x00007f1aad6e6000,0x00007f1aad7e7000)]
  0x00007f1ad80e8800 JavaThread "nioEventLoopGroup-5-1" [_thread_in_native, id=25804, stack(0x00007f1aad7e7000,0x00007f1aad8e8000)]
  0x00007f1b303a2800 JavaThread "broad-msg" [_thread_blocked, id=25802, stack(0x00007f1aad8e8000,0x00007f1aad9e9000)]
  0x00007f1b303a0800 JavaThread "broad-msg" [_thread_blocked, id=25801, stack(0x00007f1aad9e9000,0x00007f1aadaea000)]
  0x00007f1b3039d000 JavaThread "pool-2-thread-1" [_thread_blocked, id=25799, stack(0x00007f1aadaea000,0x00007f1aadbeb000)]
  0x00007f1b3039b000 JavaThread "pool-11-thread-1" [_thread_blocked, id=25798, stack(0x00007f1aadbeb000,0x00007f1aadcec000)]
  0x00007f1b30399000 JavaThread "pool-10-thread-1" [_thread_blocked, id=25797, stack(0x00007f1aadcec000,0x00007f1aadded000)]
  0x00007f1b30397000 JavaThread "PeerServerThread" [_thread_blocked, id=25796, stack(0x00007f1aadded000,0x00007f1aadeee000)]
  0x00007f1b30379800 JavaThread "Scheduler-870593736" [_thread_blocked, id=25795, stack(0x00007f1aadeee000,0x00007f1aadfef000)]
  0x00007f1b30377800 JavaThread "qtp34150451-46" [_thread_blocked, id=25794, stack(0x00007f1aadfef000,0x00007f1aae0f0000)]
  0x00007f1b30376000 JavaThread "qtp34150451-45" [_thread_blocked, id=25793, stack(0x00007f1aae0f0000,0x00007f1aae1f1000)]
  0x00007f1b30374000 JavaThread "qtp34150451-44" [_thread_blocked, id=25792, stack(0x00007f1aae1f1000,0x00007f1aae2f2000)]
  0x00007f1b30372800 JavaThread "qtp34150451-43" [_thread_blocked, id=25791, stack(0x00007f1aae2f2000,0x00007f1aae3f3000)]
  0x00007f1b30370800 JavaThread "qtp34150451-42" [_thread_blocked, id=25790, stack(0x00007f1aae3f3000,0x00007f1aae4f4000)]
  0x00007f1b3036f000 JavaThread "qtp34150451-41-acceptor-0@15002dd-ServerConnector@7ccfdaef{HTTP/1.1,[http/1.1]}{0.0.0.0:8091}" [_thread_in_native, id=25789, stack(0x00007f1aae4f4000,0x00007f1aae5f5000)]
  0x00007f1b3036d000 JavaThread "qtp34150451-40" [_thread_in_native, id=25788, stack(0x00007f1aae5f5000,0x00007f1aae6f6000)]
  0x00007f1b3036b800 JavaThread "qtp34150451-39" [_thread_in_native, id=25787, stack(0x00007f1aae6f6000,0x00007f1aae7f7000)]
  0x00007f1b30384800 JavaThread "Scheduler-535910992" [_thread_blocked, id=25786, stack(0x00007f1aae7f7000,0x00007f1aae8f8000)]
  0x00007f1b30342800 JavaThread "qtp1037793103-36" [_thread_blocked, id=25785, stack(0x00007f1aae8f8000,0x00007f1aae9f9000)]
  0x00007f1b30340800 JavaThread "qtp1037793103-35" [_thread_blocked, id=25784, stack(0x00007f1aae9f9000,0x00007f1aaeafa000)]
  0x00007f1b3033f000 JavaThread "qtp1037793103-34" [_thread_blocked, id=25783, stack(0x00007f1aaeafa000,0x00007f1aaebfb000)]
  0x00007f1b3033d000 JavaThread "qtp1037793103-33" [_thread_blocked, id=25782, stack(0x00007f1aaebfb000,0x00007f1aaecfc000)]
  0x00007f1b3033b800 JavaThread "qtp1037793103-32" [_thread_blocked, id=25781, stack(0x00007f1aaecfc000,0x00007f1aaedfd000)]
  0x00007f1b30339800 JavaThread "qtp1037793103-31-acceptor-0@4ea35725-ServerConnector@4064a081{HTTP/1.1,[http/1.1]}{0.0.0.0:8090}" [_thread_in_native, id=25780, stack(0x00007f1aaedfd000,0x00007f1aaeefe000)]
  0x00007f1b30338000 JavaThread "qtp1037793103-30" [_thread_in_native, id=25779, stack(0x00007f1aaeefe000,0x00007f1aaefff000)]
  0x00007f1b30334000 JavaThread "qtp1037793103-29" [_thread_in_native, id=25778, stack(0x00007f1ae0011000,0x00007f1ae0112000)]
  0x00007f1b30be2000 JavaThread "Thread-6" [_thread_blocked, id=25773, stack(0x00007f1ae0312000,0x00007f1ae0413000)]
  0x00007f1b30be1000 JavaThread "grpc-default-boss-ELG-3-1" daemon [_thread_in_native, id=25772, stack(0x00007f1ae0413000,0x00007f1ae0514000)]
  0x00007f1aa8058000 JavaThread "pool-35-thread-1" [_thread_blocked, id=25771, stack(0x00007f1ae0815000,0x00007f1ae0916000)]
  0x00007f1ab806d000 JavaThread "nioEventLoopGroup-2-1" [_thread_in_native, id=25766, stack(0x00007f1ae0714000,0x00007f1ae0815000)]
  0x00007f1ab801c000 JavaThread "pool-40-thread-1" [_thread_blocked, id=25763, stack(0x00007f1ae0b16000,0x00007f1ae0c17000)]
  0x00007f1ab801a000 JavaThread "pool-39-thread-1" [_thread_blocked, id=25762, stack(0x00007f1ae0c17000,0x00007f1ae0d18000)]
  0x00007f1b30cae800 JavaThread "DiscoverServer" [_thread_blocked, id=25760, stack(0x00007f1b040ad000,0x00007f1b041ae000)]
  0x00007f1b30cac800 JavaThread "check-peer-connect" [_thread_blocked, id=25759, stack(0x00007f1b041ae000,0x00007f1b042af000)]
  0x00007f1b30ca1800 JavaThread "check-peer-connect" [_thread_blocked, id=25758, stack(0x00007f1b04573000,0x00007f1b04674000)]
  0x00007f1b30ca8000 JavaThread "WireTrafficStats-0" [_thread_blocked, id=25755, stack(0x00007f1b04674000,0x00007f1b04775000)]
  0x00007f1b308fb800 JavaThread "NodeManagerTasks" [_thread_blocked, id=25665, stack(0x00007f1b04fbd000,0x00007f1b050be000)]
  0x00007f1b308fa000 JavaThread "Timer-0" [_thread_blocked, id=25664, stack(0x00007f1b050be000,0x00007f1b051bf000)]
  0x00007f1b308f8000 JavaThread "Thread-2" [_thread_blocked, id=25663, stack(0x00007f1b051bf000,0x00007f1b052c0000)]
  0x00007f1b303ba000 JavaThread "AsyncAppender-Worker-ASYNC" daemon [_thread_blocked, id=25578, stack(0x00007f1b071d0000,0x00007f1b072d1000)]
  0x00007f1b30188800 JavaThread "Service Thread" daemon [_thread_blocked, id=25573, stack(0x00007f1b076d1000,0x00007f1b077d2000)]
  0x00007f1b30185800 JavaThread "C1 CompilerThread2" daemon [_thread_blocked, id=25572, stack(0x00007f1b077d3000,0x00007f1b078d3000)]
  0x00007f1b30184000 JavaThread "C2 CompilerThread1" daemon [_thread_blocked, id=25571, stack(0x00007f1b078d4000,0x00007f1b079d4000)]
  0x00007f1b30181000 JavaThread "C2 CompilerThread0" daemon [_thread_blocked, id=25570, stack(0x00007f1b079d5000,0x00007f1b07ad5000)]
  0x00007f1b3017f800 JavaThread "Signal Dispatcher" daemon [_thread_blocked, id=25569, stack(0x00007f1b07ad5000,0x00007f1b07bd6000)]
  0x00007f1b3014f000 JavaThread "Finalizer" daemon [_thread_blocked, id=25568, stack(0x00007f1b07eff000,0x00007f1b08000000)]
  0x00007f1b3014a800 JavaThread "Reference Handler" daemon [_thread_blocked, id=25567, stack(0x00007f1b0c09f000,0x00007f1b0c1a0000)]
  0x00007f1b3000b000 JavaThread "main" [_thread_blocked, id=25557, stack(0x00007f1b38d8a000,0x00007f1b38e8a000)]

Other Threads:
  0x00007f1b30140800 VMThread [stack: 0x00007f1b200f2000,0x00007f1b201f2000] [id=25566]
  0x00007f1b3018b800 WatcherThread [stack: 0x00007f1b075d1000,0x00007f1b076d1000] [id=25574]

VM state:not at safepoint (normal execution)

VM Mutex/Monitor currently owned by a thread: None

heap address: 0x0000000083400000, size: 1996 MB, Compressed Oops mode: 32-bit
Narrow klass base: 0x0000000000000000, Narrow klass shift: 3
Compressed class space size: 1073741824 Address: 0x0000000100000000

Heap:
 PSYoungGen      total 180736K, used 30349K [0x00000000d6700000, 0x00000000f4600000, 0x0000000100000000)
  eden space 179712K, 16% used [0x00000000d6700000,0x00000000d8413410,0x00000000e1680000)
  from space 1024K, 56% used [0x00000000f4500000,0x00000000f4590000,0x00000000f4600000)
  to   space 7680K, 0% used [0x00000000f3700000,0x00000000f3700000,0x00000000f3e80000)
 ParOldGen       total 92672K, used 27012K [0x0000000083400000, 0x0000000088e80000, 0x00000000d6700000)
  object space 92672K, 29% used [0x0000000083400000,0x0000000084e61220,0x0000000088e80000)
 Metaspace       used 40430K, capacity 41608K, committed 41856K, reserved 1085440K
  class space    used 4871K, capacity 5146K, committed 5248K, reserved 1048576K

Card table byte_map: [0x00007f1b35665000,0x00007f1b35a4c000] byte_map_base: 0x00007f1b3524b000

Marking Bits: (ParMarkBitMap*) 0x00007f1b382280e0
 Begin Bits: [0x00007f1b0c1a0000, 0x00007f1b0e0d0000)
 End Bits:   [0x00007f1b0e0d0000, 0x00007f1b10000000)

Polling page: 0x00007f1b38e97000

CodeCache: size=245760Kb used=20264Kb max_used=20296Kb free=225495Kb
 bounds [0x00007f1b21000000, 0x00007f1b22410000, 0x00007f1b30000000]
 total_blobs=6400 nmethods=5910 adapters=404
 compilation: enabled

Compilation events (10 events):
Event: 5170.383 Thread 0x00007f1b30185800 7337       3       org.litetokens.core.db.PeersStore::lambda$put$0 (27 bytes)
Event: 5170.384 Thread 0x00007f1b30185800 nmethod 7337 0x00007f1b21d4d6d0 code [0x00007f1b21d4d8c0, 0x00007f1b21d4e568]
Event: 5177.950 Thread 0x00007f1b30181000 7338       4       io.netty.util.ReferenceCountUtil::release (19 bytes)
Event: 5177.952 Thread 0x00007f1b30181000 nmethod 7338 0x00007f1b21193490 code [0x00007f1b211935e0, 0x00007f1b211936d8]
Event: 5182.816 Thread 0x00007f1b30185800 7339   !   3       java.util.logging.LogManager::ensureLogManagerInitialized (128 bytes)
Event: 5182.818 Thread 0x00007f1b30185800 nmethod 7339 0x00007f1b21d34b90 code [0x00007f1b21d34d40, 0x00007f1b21d353c8]
Event: 5182.821 Thread 0x00007f1b30185800 7340       3       java.util.logging.LogManager::access$100 (4 bytes)
Event: 5182.821 Thread 0x00007f1b30185800 nmethod 7340 0x00007f1b21e55d90 code [0x00007f1b21e55ee0, 0x00007f1b21e56010]
Event: 5182.823 Thread 0x00007f1b30185800 7341       3       java.util.logging.LogManager$LoggerContext::requiresDefaultLoggers (29 bytes)
Event: 5182.824 Thread 0x00007f1b30185800 nmethod 7341 0x00007f1b21d11390 code [0x00007f1b21d11520, 0x00007f1b21d11948]

GC Heap History (10 events):
Event: 4729.480 GC heap before
{Heap before GC invocations=34 (full 2):
 PSYoungGen      total 218112K, used 217888K [0x00000000d6700000, 0x00000000f5e00000, 0x0000000100000000)
  eden space 217088K, 100% used [0x00000000d6700000,0x00000000e3b00000,0x00000000e3b00000)
  from space 1024K, 78% used [0x00000000f4b80000,0x00000000f4c48000,0x00000000f4c80000)
  to   space 9728K, 0% used [0x00000000f5480000,0x00000000f5480000,0x00000000f5e00000)
 ParOldGen       total 92672K, used 26680K [0x0000000083400000, 0x0000000088e80000, 0x00000000d6700000)
  object space 92672K, 28% used [0x0000000083400000,0x0000000084e0e200,0x0000000088e80000)
 Metaspace       used 40415K, capacity 41598K, committed 41856K, reserved 1085440K
  class space    used 4869K, capacity 5145K, committed 5248K, reserved 1048576K
Event: 4729.490 GC heap after
Heap after GC invocations=34 (full 2):
 PSYoungGen      total 209920K, used 576K [0x00000000d6700000, 0x00000000f5580000, 0x0000000100000000)
  eden space 208896K, 0% used [0x00000000d6700000,0x00000000d6700000,0x00000000e3300000)
  from space 1024K, 56% used [0x00000000f5480000,0x00000000f5510000,0x00000000f5580000)
  to   space 9216K, 0% used [0x00000000f4380000,0x00000000f4380000,0x00000000f4c80000)
 ParOldGen       total 92672K, used 26948K [0x0000000083400000, 0x0000000088e80000, 0x00000000d6700000)
  object space 92672K, 29% used [0x0000000083400000,0x0000000084e51220,0x0000000088e80000)
 Metaspace       used 40415K, capacity 41598K, committed 41856K, reserved 1085440K
  class space    used 4869K, capacity 5145K, committed 5248K, reserved 1048576K
}
Event: 4849.471 GC heap before
{Heap before GC invocations=35 (full 2):
 PSYoungGen      total 209920K, used 209472K [0x00000000d6700000, 0x00000000f5580000, 0x0000000100000000)
  eden space 208896K, 100% used [0x00000000d6700000,0x00000000e3300000,0x00000000e3300000)
  from space 1024K, 56% used [0x00000000f5480000,0x00000000f5510000,0x00000000f5580000)
  to   space 9216K, 0% used [0x00000000f4380000,0x00000000f4380000,0x00000000f4c80000)
 ParOldGen       total 92672K, used 26948K [0x0000000083400000, 0x0000000088e80000, 0x00000000d6700000)
  object space 92672K, 29% used [0x0000000083400000,0x0000000084e51220,0x0000000088e80000)
 Metaspace       used 40415K, capacity 41598K, committed 41856K, reserved 1085440K
  class space    used 4869K, capacity 5145K, committed 5248K, reserved 1048576K
Event: 4849.480 GC heap after
Heap after GC invocations=35 (full 2):
 PSYoungGen      total 210432K, used 576K [0x00000000d6700000, 0x00000000f5500000, 0x0000000100000000)
  eden space 201216K, 0% used [0x00000000d6700000,0x00000000d6700000,0x00000000e2b80000)
  from space 9216K, 6% used [0x00000000f4380000,0x00000000f4410000,0x00000000f4c80000)
  to   space 8704K, 0% used [0x00000000f4c80000,0x00000000f4c80000,0x00000000f5500000)
 ParOldGen       total 92672K, used 26972K [0x0000000083400000, 0x0000000088e80000, 0x00000000d6700000)
  object space 92672K, 29% used [0x0000000083400000,0x0000000084e57220,0x0000000088e80000)
 Metaspace       used 40415K, capacity 41598K, committed 41856K, reserved 1085440K
  class space    used 4869K, capacity 5145K, committed 5248K, reserved 1048576K
}
Event: 4963.474 GC heap before
{Heap before GC invocations=36 (full 2):
 PSYoungGen      total 210432K, used 201792K [0x00000000d6700000, 0x00000000f5500000, 0x0000000100000000)
  eden space 201216K, 100% used [0x00000000d6700000,0x00000000e2b80000,0x00000000e2b80000)
  from space 9216K, 6% used [0x00000000f4380000,0x00000000f4410000,0x00000000f4c80000)
  to   space 8704K, 0% used [0x00000000f4c80000,0x00000000f4c80000,0x00000000f5500000)
 ParOldGen       total 92672K, used 26972K [0x0000000083400000, 0x0000000088e80000, 0x00000000d6700000)
  object space 92672K, 29% used [0x0000000083400000,0x0000000084e57220,0x0000000088e80000)
 Metaspace       used 40415K, capacity 41598K, committed 41856K, reserved 1085440K
  class space    used 4869K, capacity 5145K, committed 5248K, reserved 1048576K
Event: 4963.483 GC heap after
Heap after GC invocations=36 (full 2):
 PSYoungGen      total 194560K, used 608K [0x00000000d6700000, 0x00000000f4d80000, 0x0000000100000000)
  eden space 193536K, 0% used [0x00000000d6700000,0x00000000d6700000,0x00000000e2400000)
  from space 1024K, 59% used [0x00000000f4c80000,0x00000000f4d18000,0x00000000f4d80000)
  to   space 8704K, 0% used [0x00000000f3c80000,0x00000000f3c80000,0x00000000f4500000)
 ParOldGen       total 92672K, used 26988K [0x0000000083400000, 0x0000000088e80000, 0x00000000d6700000)
  object space 92672K, 29% used [0x0000000083400000,0x0000000084e5b220,0x0000000088e80000)
 Metaspace       used 40415K, capacity 41598K, committed 41856K, reserved 1085440K
  class space    used 4869K, capacity 5145K, committed 5248K, reserved 1048576K
}
Event: 5065.486 GC heap before
{Heap before GC invocations=37 (full 2):
 PSYoungGen      total 194560K, used 194144K [0x00000000d6700000, 0x00000000f4d80000, 0x0000000100000000)
  eden space 193536K, 100% used [0x00000000d6700000,0x00000000e2400000,0x00000000e2400000)
  from space 1024K, 59% used [0x00000000f4c80000,0x00000000f4d18000,0x00000000f4d80000)
  to   space 8704K, 0% used [0x00000000f3c80000,0x00000000f3c80000,0x00000000f4500000)
 ParOldGen       total 92672K, used 26988K [0x0000000083400000, 0x0000000088e80000, 0x00000000d6700000)
  object space 92672K, 29% used [0x0000000083400000,0x0000000084e5b220,0x0000000088e80000)
 Metaspace       used 40415K, capacity 41598K, committed 41856K, reserved 1085440K
  class space    used 4869K, capacity 5145K, committed 5248K, reserved 1048576K
Event: 5065.500 GC heap after
Heap after GC invocations=37 (full 2):
 PSYoungGen      total 195072K, used 544K [0x00000000d6700000, 0x00000000f4d00000, 0x0000000100000000)
  eden space 186368K, 0% used [0x00000000d6700000,0x00000000d6700000,0x00000000e1d00000)
  from space 8704K, 6% used [0x00000000f3c80000,0x00000000f3d08000,0x00000000f4500000)
  to   space 8192K, 0% used [0x00000000f4500000,0x00000000f4500000,0x00000000f4d00000)
 ParOldGen       total 92672K, used 26996K [0x0000000083400000, 0x0000000088e80000, 0x00000000d6700000)
  object space 92672K, 29% used [0x0000000083400000,0x0000000084e5d220,0x0000000088e80000)
 Metaspace       used 40415K, capacity 41598K, committed 41856K, reserved 1085440K
  class space    used 4869K, capacity 5145K, committed 5248K, reserved 1048576K
}
Event: 5167.554 GC heap before
{Heap before GC invocations=38 (full 2):
 PSYoungGen      total 195072K, used 186912K [0x00000000d6700000, 0x00000000f4d00000, 0x0000000100000000)
  eden space 186368K, 100% used [0x00000000d6700000,0x00000000e1d00000,0x00000000e1d00000)
  from space 8704K, 6% used [0x00000000f3c80000,0x00000000f3d08000,0x00000000f4500000)
  to   space 8192K, 0% used [0x00000000f4500000,0x00000000f4500000,0x00000000f4d00000)
 ParOldGen       total 92672K, used 26996K [0x0000000083400000, 0x0000000088e80000, 0x00000000d6700000)
  object space 92672K, 29% used [0x0000000083400000,0x0000000084e5d220,0x0000000088e80000)
 Metaspace       used 40419K, capacity 41602K, committed 41856K, reserved 1085440K
  class space    used 4869K, capacity 5145K, committed 5248K, reserved 1048576K
Event: 5167.568 GC heap after
Heap after GC invocations=38 (full 2):
 PSYoungGen      total 180736K, used 576K [0x00000000d6700000, 0x00000000f4600000, 0x0000000100000000)
  eden space 179712K, 0% used [0x00000000d6700000,0x00000000d6700000,0x00000000e1680000)
  from space 1024K, 56% used [0x00000000f4500000,0x00000000f4590000,0x00000000f4600000)
  to   space 7680K, 0% used [0x00000000f3700000,0x00000000f3700000,0x00000000f3e80000)
 ParOldGen       total 92672K, used 27012K [0x0000000083400000, 0x0000000088e80000, 0x00000000d6700000)
  object space 92672K, 29% used [0x0000000083400000,0x0000000084e61220,0x0000000088e80000)
 Metaspace       used 40419K, capacity 41602K, committed 41856K, reserved 1085440K
  class space    used 4869K, capacity 5145K, committed 5248K, reserved 1048576K
}

Deoptimization events (10 events):
Event: 3157.470 Thread 0x00007f1b30be2000 Uncommon trap: reason=unstable_if action=reinterpret pc=0x00007f1b21a3e328 method=org.litetokens.core.db2.core.AbstractSnapshot.getNext()Lorg/litetokens/core/db2/core/Snapshot; @ 4
Event: 4141.675 Thread 0x00007f1b1806d000 Uncommon trap: reason=bimorphic action=maybe_recompile pc=0x00007f1b22154c40 method=io.netty.util.Recycler.get()Ljava/lang/Object; @ 43
Event: 4144.575 Thread 0x00007f1b1806d000 Uncommon trap: reason=bimorphic action=maybe_recompile pc=0x00007f1b22154c40 method=io.netty.util.Recycler.get()Ljava/lang/Object; @ 43
Event: 4147.566 Thread 0x00007f1b1806d000 Uncommon trap: reason=bimorphic action=maybe_recompile pc=0x00007f1b22154c40 method=io.netty.util.Recycler.get()Ljava/lang/Object; @ 43
Event: 4147.586 Thread 0x00007f1b1806d000 Uncommon trap: reason=bimorphic action=maybe_recompile pc=0x00007f1b22154c40 method=io.netty.util.Recycler.get()Ljava/lang/Object; @ 43
Event: 4489.151 Thread 0x00007f1ab806d000 Uncommon trap: reason=class_check action=maybe_recompile pc=0x00007f1b21d1d870 method=java.lang.reflect.Array.newInstance(Ljava/lang/Class;I)Ljava/lang/Object; @ 2
Event: 4489.152 Thread 0x00007f1ab806d000 Uncommon trap: reason=class_check action=maybe_recompile pc=0x00007f1b21d1d870 method=java.lang.reflect.Array.newInstance(Ljava/lang/Class;I)Ljava/lang/Object; @ 2
Event: 4489.152 Thread 0x00007f1ab806d000 Uncommon trap: reason=class_check action=maybe_recompile pc=0x00007f1b21d1d870 method=java.lang.reflect.Array.newInstance(Ljava/lang/Class;I)Ljava/lang/Object; @ 2
Event: 4490.992 Thread 0x00007f1ab801c000 Uncommon trap: reason=class_check action=maybe_recompile pc=0x00007f1b21d1d870 method=java.lang.reflect.Array.newInstance(Ljava/lang/Class;I)Ljava/lang/Object; @ 2
Event: 5182.817 Thread 0x00007f1b080db000 Uncommon trap: reason=unstable_if action=reinterpret pc=0x00007f1b21d3fd18 method=ch.qos.logback.classic.spi.LoggingEvent.<init>(Ljava/lang/String;Lch/qos/logback/classic/Logger;Lch/qos/logback/classic/Level;Ljava/lang/String;Ljava/lang/Throwable;[Ljava/l

Classes redefined (0 events):
No events

Internal exceptions (10 events):
Event: 38.235 Thread 0x00007f1af808d000 Exception <a 'java/lang/ClassNotFoundException': io/netty/channel/SimpleChannelInboundHandlerCustomizer> (0x00000000dcac09b0) thrown at [/scratch/jenkins/workspace/8-2-build-linux-amd64/jdk8u271/605/hotspot/src/share/vm/classfile/systemDictionary.cpp, lin
Event: 38.235 Thread 0x00007f1af808d000 Exception <a 'java/lang/ClassNotFoundException': org/litetokens/common/overlay/server/P2pHandlerCustomizer> (0x00000000dcac64e0) thrown at [/scratch/jenkins/workspace/8-2-build-linux-amd64/jdk8u271/605/hotspot/src/share/vm/classfile/systemDictionary.cpp, 
Event: 38.237 Thread 0x00007f1af808d000 Exception <a 'java/lang/ClassNotFoundException': org/litetokens/core/net/peer/LitetokensHandlerBeanInfo> (0x00000000dcb18ba0) thrown at [/scratch/jenkins/workspace/8-2-build-linux-amd64/jdk8u271/605/hotspot/src/share/vm/classfile/systemDictionary.cpp, lin
Event: 38.237 Thread 0x00007f1af808d000 Exception <a 'java/lang/ClassNotFoundException': org/litetokens/core/net/peer/LitetokensHandlerCustomizer> (0x00000000dcb1b258) thrown at [/scratch/jenkins/workspace/8-2-build-linux-amd64/jdk8u271/605/hotspot/src/share/vm/classfile/systemDictionary.cpp, l
Event: 38.273 Thread 0x00007f1af808d000 Exception <a 'java/lang/NoSuchMethodError': java.lang.Object.lambda$comparingDouble$8dcf42ea$1(Ljava/util/function/ToDoubleFunction;Ljava/lang/Object;Ljava/lang/Object;)I> (0x00000000dccb2848) thrown at [/scratch/jenkins/workspace/8-2-build-linux-amd64/jd
Event: 40.610 Thread 0x00007f1b303a2800 Exception <a 'java/lang/NoSuchMethodError': java.lang.Object.lambda$comparingLong$6043328a$1(Ljava/util/function/ToLongFunction;Ljava/lang/Object;Ljava/lang/Object;)I> (0x00000000d8576b10) thrown at [/scratch/jenkins/workspace/8-2-build-linux-amd64/jdk8u2
Event: 997.454 Thread 0x00007f1b30be2000 Implicit null exception at 0x00007f1b21a8b5b7 to 0x00007f1b21a9146d
Event: 3157.470 Thread 0x00007f1b30be2000 Implicit null exception at 0x00007f1b21a3e2d0 to 0x00007f1b21a3e315
Event: 5182.817 Thread 0x00007f1b080db000 Exception <a 'java/lang/NoClassDefFoundError': ch/qos/logback/core/LifeCycleManager> (0x00000000d83d2f98) thrown at [/scratch/jenkins/workspace/8-2-build-linux-amd64/jdk8u271/605/hotspot/src/share/vm/classfile/systemDictionary.cpp, line 201]
Event: 5182.818 Thread 0x00007f1b080db000 Exception <a 'java/lang/NoClassDefFoundError': ch/qos/logback/classic/spi/ThrowableProxy> (0x00000000d83d3d68) thrown at [/scratch/jenkins/workspace/8-2-build-linux-amd64/jdk8u271/605/hotspot/src/share/vm/classfile/systemDictionary.cpp, line 201]

Events (10 events):
Event: 5182.818 Thread 0x00007f1b080db000 Thread exited: 0x00007f1b080db000
Event: 5182.821 Thread 0x00007f1b0810b800 Thread exited: 0x00007f1b0810b800
Event: 5182.822 Thread 0x00007f1b30185800 flushing nmethod 0x00007f1b2145a390
Event: 5182.823 Thread 0x00007f1b30185800 flushing nmethod 0x00007f1b214b5510
Event: 5182.827 loading class org/litetokens/core/net/peer/PeerConnection
Event: 5182.827 loading class org/litetokens/core/net/peer/PeerConnection done
Event: 5182.827 loading class org/litetokens/core/net/node/NodeImpl
Event: 5182.827 loading class org/litetokens/core/net/node/NodeImpl done
Event: 5182.828 loading class org/litetokens/common/overlay/server/ChannelManager$1
Event: 5182.828 loading class org/litetokens/common/overlay/server/ChannelManager$1 done


Dynamic libraries:
83400000-88e80000 rw-p 00000000 00:00 0 
88e80000-d6700000 ---p 00000000 00:00 0 
d6700000-f4600000 rw-p 00000000 00:00 0 
f4600000-100000000 ---p 00000000 00:00 0 
100000000-100520000 rw-p 00000000 00:00 0 
100520000-140000000 ---p 00000000 00:00 0 
55df1c3b7000-55df1c3b8000 r-xp 00000000 fc:01 4101942                    /home/andres/live/java/jdk/jdk1.8.0_271/bin/java
55df1c5b7000-55df1c5b8000 r--p 00000000 fc:01 4101942                    /home/andres/live/java/jdk/jdk1.8.0_271/bin/java
55df1c5b8000-55df1c5b9000 rw-p 00001000 fc:01 4101942                    /home/andres/live/java/jdk/jdk1.8.0_271/bin/java
55df1dbab000-55df1dbcc000 rw-p 00000000 00:00 0                          [heap]
7f1a92fff000-7f1a94000000 rw-p 00000000 00:00 0 
7f1a94000000-7f1a94027000 rw-p 00000000 00:00 0 
7f1a94027000-7f1a98000000 ---p 00000000 00:00 0 
7f1a982eb000-7f1a982ee000 ---p 00000000 00:00 0 
7f1a982ee000-7f1a983ec000 rw-p 00000000 00:00 0 
7f1a983ec000-7f1a983ef000 ---p 00000000 00:00 0 
7f1a983ef000-7f1a984ed000 rw-p 00000000 00:00 0 
7f1a984ed000-7f1a984f0000 ---p 00000000 00:00 0 
7f1a984f0000-7f1a985ee000 rw-p 00000000 00:00 0 
7f1a985ee000-7f1a985f1000 ---p 00000000 00:00 0 
7f1a985f1000-7f1a986ef000 rw-p 00000000 00:00 0 
7f1a986ef000-7f1a986f2000 ---p 00000000 00:00 0 
7f1a986f2000-7f1a987f0000 rw-p 00000000 00:00 0 
7f1a987f0000-7f1a987f3000 ---p 00000000 00:00 0 
7f1a987f3000-7f1a988f1000 rw-p 00000000 00:00 0 
7f1a988f1000-7f1a988f4000 ---p 00000000 00:00 0 
7f1a988f4000-7f1a989f2000 rw-p 00000000 00:00 0 
7f1a98af2000-7f1a99af3000 rw-p 00000000 00:00 0 
7f1a99af3000-7f1a99af6000 ---p 00000000 00:00 0 
7f1a99af6000-7f1a99bf4000 rw-p 00000000 00:00 0 
7f1a99bf4000-7f1a99bf5000 ---p 00000000 00:00 0 
7f1a99bf5000-7f1a9a5b5000 rw-p 00000000 00:00 0 
7f1a9a5b5000-7f1a9a5f5000 ---p 00000000 00:00 0 
7f1a9a5f5000-7f1a9a5f8000 ---p 00000000 00:00 0 
7f1a9a5f8000-7f1a9a6f6000 rw-p 00000000 00:00 0 
7f1a9a6f6000-7f1a9a6f9000 ---p 00000000 00:00 0 
7f1a9a6f9000-7f1a9a7f7000 rw-p 00000000 00:00 0 
7f1a9a7f7000-7f1a9a7fa000 ---p 00000000 00:00 0 
7f1a9a7fa000-7f1a9a8f8000 rw-p 00000000 00:00 0 
7f1a9a8f8000-7f1a9a8fb000 ---p 00000000 00:00 0 
7f1a9a8fb000-7f1a9a9f9000 rw-p 00000000 00:00 0 
7f1a9a9f9000-7f1a9a9fc000 ---p 00000000 00:00 0 
7f1a9a9fc000-7f1a9aafa000 rw-p 00000000 00:00 0 
7f1a9aafa000-7f1a9aafd000 ---p 00000000 00:00 0 
7f1a9aafd000-7f1a9abfb000 rw-p 00000000 00:00 0 
7f1a9abfb000-7f1a9abfe000 ---p 00000000 00:00 0 
7f1a9abfe000-7f1a9acfc000 rw-p 00000000 00:00 0 
7f1a9acfc000-7f1a9acff000 ---p 00000000 00:00 0 
7f1a9acff000-7f1a9adfd000 rw-p 00000000 00:00 0 
7f1a9adfd000-7f1a9ae00000 ---p 00000000 00:00 0 
7f1a9ae00000-7f1a9aefe000 rw-p 00000000 00:00 0 
7f1a9aefe000-7f1a9af01000 ---p 00000000 00:00 0 
7f1a9af01000-7f1a9c000000 rw-p 00000000 00:00 0 
7f1a9c000000-7f1a9c254000 rw-p 00000000 00:00 0 
7f1a9c254000-7f1aa0000000 ---p 00000000 00:00 0 
7f1aa0000000-7f1aa0070000 rw-p 00000000 00:00 0 
7f1aa0070000-7f1aa4000000 ---p 00000000 00:00 0 
7f1aa4000000-7f1aa403c000 rw-p 00000000 00:00 0 
7f1aa403c000-7f1aa8000000 ---p 00000000 00:00 0 
7f1aa8000000-7f1aa8093000 rw-p 00000000 00:00 0 
7f1aa8093000-7f1aac000000 ---p 00000000 00:00 0 
7f1aac0d2000-7f1aac0d5000 ---p 00000000 00:00 0 
7f1aac0d5000-7f1aac1d3000 rw-p 00000000 00:00 0 
7f1aac1d3000-7f1aac1d6000 ---p 00000000 00:00 0 
7f1aac1d6000-7f1aac2d4000 rw-p 00000000 00:00 0 
7f1aac2d4000-7f1aac2d7000 ---p 00000000 00:00 0 
7f1aac2d7000-7f1aac3d5000 rw-p 00000000 00:00 0 
7f1aac3d5000-7f1aac3d8000 ---p 00000000 00:00 0 
7f1aac3d8000-7f1aac4d6000 rw-p 00000000 00:00 0 
7f1aac4d6000-7f1aac4d9000 ---p 00000000 00:00 0 
7f1aac4d9000-7f1aac5d7000 rw-p 00000000 00:00 0 
7f1aac5d7000-7f1aac5da000 ---p 00000000 00:00 0 
7f1aac5da000-7f1aac6d8000 rw-p 00000000 00:00 0 
7f1aac6d8000-7f1aac6db000 ---p 00000000 00:00 0 
7f1aac6db000-7f1aac7d9000 rw-p 00000000 00:00 0 
7f1aac7d9000-7f1aac7dc000 ---p 00000000 00:00 0 
7f1aac7dc000-7f1aac8da000 rw-p 00000000 00:00 0 
7f1aac8da000-7f1aac8dd000 ---p 00000000 00:00 0 
7f1aac8dd000-7f1aac9db000 rw-p 00000000 00:00 0 
7f1aac9db000-7f1aac9de000 ---p 00000000 00:00 0 
7f1aac9de000-7f1aacadc000 rw-p 00000000 00:00 0 
7f1aacadc000-7f1aacadf000 ---p 00000000 00:00 0 
7f1aacadf000-7f1aacbdd000 rw-p 00000000 00:00 0 
7f1aacbdd000-7f1aacbe0000 ---p 00000000 00:00 0 
7f1aacbe0000-7f1aaccde000 rw-p 00000000 00:00 0 
7f1aaccde000-7f1aacce1000 ---p 00000000 00:00 0 
7f1aacce1000-7f1aacddf000 rw-p 00000000 00:00 0 
7f1aacddf000-7f1aacde2000 ---p 00000000 00:00 0 
7f1aacde2000-7f1aacee0000 rw-p 00000000 00:00 0 
7f1aacee0000-7f1aacee3000 ---p 00000000 00:00 0 
7f1aacee3000-7f1aad1e1000 rw-p 00000000 00:00 0 
7f1aad1e1000-7f1aad1e4000 ---p 00000000 00:00 0 
7f1aad1e4000-7f1aad2e2000 rw-p 00000000 00:00 0 
7f1aad2e2000-7f1aad2e5000 ---p 00000000 00:00 0 
7f1aad2e5000-7f1aad3e3000 rw-p 00000000 00:00 0 
7f1aad3e3000-7f1aad3e6000 ---p 00000000 00:00 0 
7f1aad3e6000-7f1aad4e4000 rw-p 00000000 00:00 0 
7f1aad4e4000-7f1aad4e7000 ---p 00000000 00:00 0 
7f1aad4e7000-7f1aad5e5000 rw-p 00000000 00:00 0 
7f1aad5e5000-7f1aad5e8000 ---p 00000000 00:00 0 
7f1aad5e8000-7f1aad6e6000 rw-p 00000000 00:00 0 
7f1aad6e6000-7f1aad6e9000 ---p 00000000 00:00 0 
7f1aad6e9000-7f1aad7e7000 rw-p 00000000 00:00 0 
7f1aad7e7000-7f1aad7ea000 ---p 00000000 00:00 0 
7f1aad7ea000-7f1aad8e8000 rw-p 00000000 00:00 0 
7f1aad8e8000-7f1aad8eb000 ---p 00000000 00:00 0 
7f1aad8eb000-7f1aad9e9000 rw-p 00000000 00:00 0 
7f1aad9e9000-7f1aad9ec000 ---p 00000000 00:00 0 
7f1aad9ec000-7f1aadaea000 rw-p 00000000 00:00 0 
7f1aadaea000-7f1aadaed000 ---p 00000000 00:00 0 
7f1aadaed000-7f1aadbeb000 rw-p 00000000 00:00 0 
7f1aadbeb000-7f1aadbee000 ---p 00000000 00:00 0 
7f1aadbee000-7f1aadcec000 rw-p 00000000 00:00 0 
7f1aadcec000-7f1aadcef000 ---p 00000000 00:00 0 
7f1aadcef000-7f1aadded000 rw-p 00000000 00:00 0 
7f1aadded000-7f1aaddf0000 ---p 00000000 00:00 0 
7f1aaddf0000-7f1aadeee000 rw-p 00000000 00:00 0 
7f1aadeee000-7f1aadef1000 ---p 00000000 00:00 0 
7f1aadef1000-7f1aadfef000 rw-p 00000000 00:00 0 
7f1aadfef000-7f1aadff2000 ---p 00000000 00:00 0 
7f1aadff2000-7f1aae0f0000 rw-p 00000000 00:00 0 
7f1aae0f0000-7f1aae0f3000 ---p 00000000 00:00 0 
7f1aae0f3000-7f1aae1f1000 rw-p 00000000 00:00 0 
7f1aae1f1000-7f1aae1f4000 ---p 00000000 00:00 0 
7f1aae1f4000-7f1aae2f2000 rw-p 00000000 00:00 0 
7f1aae2f2000-7f1aae2f5000 ---p 00000000 00:00 0 
7f1aae2f5000-7f1aae3f3000 rw-p 00000000 00:00 0 
7f1aae3f3000-7f1aae3f6000 ---p 00000000 00:00 0 
7f1aae3f6000-7f1aae4f4000 rw-p 00000000 00:00 0 
7f1aae4f4000-7f1aae4f7000 ---p 00000000 00:00 0 
7f1aae4f7000-7f1aae5f5000 rw-p 00000000 00:00 0 
7f1aae5f5000-7f1aae5f8000 ---p 00000000 00:00 0 
7f1aae5f8000-7f1aae6f6000 rw-p 00000000 00:00 0 
7f1aae6f6000-7f1aae6f9000 ---p 00000000 00:00 0 
7f1aae6f9000-7f1aae7f7000 rw-p 00000000 00:00 0 
7f1aae7f7000-7f1aae7fa000 ---p 00000000 00:00 0 
7f1aae7fa000-7f1aae8f8000 rw-p 00000000 00:00 0 
7f1aae8f8000-7f1aae8fb000 ---p 00000000 00:00 0 
7f1aae8fb000-7f1aae9f9000 rw-p 00000000 00:00 0 
7f1aae9f9000-7f1aae9fc000 ---p 00000000 00:00 0 
7f1aae9fc000-7f1aaeafa000 rw-p 00000000 00:00 0 
7f1aaeafa000-7f1aaeafd000 ---p 00000000 00:00 0 
7f1aaeafd000-7f1aaebfb000 rw-p 00000000 00:00 0 
7f1aaebfb000-7f1aaebfe000 ---p 00000000 00:00 0 
7f1aaebfe000-7f1aaecfc000 rw-p 00000000 00:00 0 
7f1aaecfc000-7f1aaecff000 ---p 00000000 00:00 0 
7f1aaecff000-7f1aaedfd000 rw-p 00000000 00:00 0 
7f1aaedfd000-7f1aaee00000 ---p 00000000 00:00 0 
7f1aaee00000-7f1aaeefe000 rw-p 00000000 00:00 0 
7f1aaeefe000-7f1aaef01000 ---p 00000000 00:00 0 
7f1aaef01000-7f1ab0000000 rw-p 00000000 00:00 0 
7f1ab0000000-7f1ab0101000 rw-p 00000000 00:00 0 
7f1ab0101000-7f1ab4000000 ---p 00000000 00:00 0 
7f1ab4000000-7f1ab4021000 rw-p 00000000 00:00 0 
7f1ab4021000-7f1ab8000000 ---p 00000000 00:00 0 
7f1ab8000000-7f1ab8071000 rw-p 00000000 00:00 0 
7f1ab8071000-7f1abc000000 ---p 00000000 00:00 0 
7f1abc000000-7f1abc043000 rw-p 00000000 00:00 0 
7f1abc043000-7f1ac0000000 ---p 00000000 00:00 0 
7f1ac0000000-7f1ac0021000 rw-p 00000000 00:00 0 
7f1ac0021000-7f1ac4000000 ---p 00000000 00:00 0 
7f1ac4000000-7f1ac4021000 rw-p 00000000 00:00 0 
7f1ac4021000-7f1ac8000000 ---p 00000000 00:00 0 
7f1ac8000000-7f1ac8021000 rw-p 00000000 00:00 0 
7f1ac8021000-7f1acc000000 ---p 00000000 00:00 0 
7f1acc000000-7f1acc021000 rw-p 00000000 00:00 0 
7f1acc021000-7f1ad0000000 ---p 00000000 00:00 0 
7f1ad0000000-7f1ad0021000 rw-p 00000000 00:00 0 
7f1ad0021000-7f1ad4000000 ---p 00000000 00:00 0 
7f1ad4000000-7f1ad4021000 rw-p 00000000 00:00 0 
7f1ad4021000-7f1ad8000000 ---p 00000000 00:00 0 
7f1ad8000000-7f1ad80fb000 rw-p 00000000 00:00 0 
7f1ad80fb000-7f1adc000000 ---p 00000000 00:00 0 
7f1adc000000-7f1adc021000 rw-p 00000000 00:00 0 
7f1adc021000-7f1ae0000000 ---p 00000000 00:00 0 
7f1ae0011000-7f1ae0014000 ---p 00000000 00:00 0 
7f1ae0014000-7f1ae0312000 rw-p 00000000 00:00 0 
7f1ae0312000-7f1ae0315000 ---p 00000000 00:00 0 
7f1ae0315000-7f1ae0413000 rw-p 00000000 00:00 0 
7f1ae0413000-7f1ae0416000 ---p 00000000 00:00 0 
7f1ae0416000-7f1ae0714000 rw-p 00000000 00:00 0 
7f1ae0714000-7f1ae0717000 ---p 00000000 00:00 0 
7f1ae0717000-7f1ae0815000 rw-p 00000000 00:00 0 
7f1ae0815000-7f1ae0818000 ---p 00000000 00:00 0 
7f1ae0818000-7f1ae0b16000 rw-p 00000000 00:00 0 
7f1ae0b16000-7f1ae0b19000 ---p 00000000 00:00 0 
7f1ae0b19000-7f1ae0c17000 rw-p 00000000 00:00 0 
7f1ae0c17000-7f1ae0c1a000 ---p 00000000 00:00 0 
7f1ae0c1a000-7f1ae0d18000 rw-p 00000000 00:00 0 
7f1ae0d18000-7f1ae0dfa000 r-xp 00000000 fc:01 18137                      /tmp/sqlite-3.16.1-3cca1b20-733e-4651-93b6-9438f172563a-libsqlitejdbc.so
7f1ae0dfa000-7f1ae0ffa000 ---p 000e2000 fc:01 18137                      /tmp/sqlite-3.16.1-3cca1b20-733e-4651-93b6-9438f172563a-libsqlitejdbc.so
7f1ae0ffa000-7f1ae0fff000 rw-p 000e2000 fc:01 18137                      /tmp/sqlite-3.16.1-3cca1b20-733e-4651-93b6-9438f172563a-libsqlitejdbc.so
7f1ae0fff000-7f1ae4000000 rw-p 00000000 00:00 0 
7f1ae4000000-7f1ae4021000 rw-p 00000000 00:00 0 
7f1ae4021000-7f1ae8000000 ---p 00000000 00:00 0 
7f1ae8000000-7f1ae8021000 rw-p 00000000 00:00 0 
7f1ae8021000-7f1aec000000 ---p 00000000 00:00 0 
7f1aec000000-7f1aedc81000 rw-p 00000000 00:00 0 
7f1aedc81000-7f1af0000000 ---p 00000000 00:00 0 
7f1af0000000-7f1af19e7000 rw-p 00000000 00:00 0 
7f1af19e7000-7f1af4000000 ---p 00000000 00:00 0 
7f1af4000000-7f1af4035000 rw-p 00000000 00:00 0 
7f1af4035000-7f1af8000000 ---p 00000000 00:00 0 
7f1af8000000-7f1af9de1000 rw-p 00000000 00:00 0 
7f1af9de1000-7f1afc000000 ---p 00000000 00:00 0 
7f1afc000000-7f1afc021000 rw-p 00000000 00:00 0 
7f1afc021000-7f1b00000000 ---p 00000000 00:00 0 
7f1b00000000-7f1b00021000 rw-p 00000000 00:00 0 
7f1b00021000-7f1b04000000 ---p 00000000 00:00 0 
7f1b040ad000-7f1b040b0000 ---p 00000000 00:00 0 
7f1b040b0000-7f1b041ae000 rw-p 00000000 00:00 0 
7f1b041ae000-7f1b041b1000 ---p 00000000 00:00 0 
7f1b041b1000-7f1b044af000 rw-p 00000000 00:00 0 
7f1b04573000-7f1b04576000 ---p 00000000 00:00 0 
7f1b04576000-7f1b04674000 rw-p 00000000 00:00 0 
7f1b04674000-7f1b04677000 ---p 00000000 00:00 0 
7f1b04677000-7f1b04975000 rw-p 00000000 00:00 0 
7f1b04975000-7f1b0497e000 r-xp 00000000 fc:01 4102008                    /home/andres/live/java/jdk/jdk1.8.0_271/jre/lib/amd64/libmanagement.so
7f1b0497e000-7f1b04b7d000 ---p 00009000 fc:01 4102008                    /home/andres/live/java/jdk/jdk1.8.0_271/jre/lib/amd64/libmanagement.so
7f1b04b7d000-7f1b04b7e000 r--p 00008000 fc:01 4102008                    /home/andres/live/java/jdk/jdk1.8.0_271/jre/lib/amd64/libmanagement.so
7f1b04b7e000-7f1b04b7f000 rw-p 00009000 fc:01 4102008                    /home/andres/live/java/jdk/jdk1.8.0_271/jre/lib/amd64/libmanagement.so
7f1b04b7f000-7f1b04d7f000 rw-p 00000000 00:00 0 
7f1b04d7f000-7f1b04db7000 r-xp 00000000 fc:01 4101992                    /home/andres/live/java/jdk/jdk1.8.0_271/jre/lib/amd64/libsunec.so
7f1b04db7000-7f1b04fb6000 ---p 00038000 fc:01 4101992                    /home/andres/live/java/jdk/jdk1.8.0_271/jre/lib/amd64/libsunec.so
7f1b04fb6000-7f1b04fbb000 r--p 00037000 fc:01 4101992                    /home/andres/live/java/jdk/jdk1.8.0_271/jre/lib/amd64/libsunec.so
7f1b04fbb000-7f1b04fbd000 rw-p 0003c000 fc:01 4101992                    /home/andres/live/java/jdk/jdk1.8.0_271/jre/lib/amd64/libsunec.so
7f1b04fbd000-7f1b04fc0000 ---p 00000000 00:00 0 
7f1b04fc0000-7f1b050be000 rw-p 00000000 00:00 0 
7f1b050be000-7f1b050c1000 ---p 00000000 00:00 0 
7f1b050c1000-7f1b051bf000 rw-p 00000000 00:00 0 
7f1b051bf000-7f1b051c2000 ---p 00000000 00:00 0 
7f1b051c2000-7f1b054c0000 rw-p 00000000 00:00 0 
7f1b054d0000-7f1b054e0000 rw-s 00000000 fc:01 16911455                   /home/andres/live/litetokens/java-litetokens/output-directory/home/andres/.config/litetokens/database/DelegatedResourceAccountIndex/000014.log
7f1b05667000-7f1b05677000 rw-s 00000000 fc:01 16911461                   /home/andres/live/litetokens/java-litetokens/output-directory/home/andres/.config/litetokens/database/DelegatedResourceAccountIndex/MANIFEST-000012
7f1b05687000-7f1b05887000 rw-p 00000000 00:00 0 
7f1b05887000-7f1b0589e000 r-xp 00000000 fc:01 4414                       /lib/x86_64-linux-gnu/libgcc_s.so.1
7f1b0589e000-7f1b05a9d000 ---p 00017000 fc:01 4414                       /lib/x86_64-linux-gnu/libgcc_s.so.1
7f1b05a9d000-7f1b05a9e000 r--p 00016000 fc:01 4414                       /lib/x86_64-linux-gnu/libgcc_s.so.1
7f1b05a9e000-7f1b05a9f000 rw-p 00017000 fc:01 4414                       /lib/x86_64-linux-gnu/libgcc_s.so.1
7f1b05a9f000-7f1b05c18000 r-xp 00000000 fc:01 4422                       /usr/lib/x86_64-linux-gnu/libstdc++.so.6.0.25
7f1b05c18000-7f1b05e18000 ---p 00179000 fc:01 4422                       /usr/lib/x86_64-linux-gnu/libstdc++.so.6.0.25
7f1b05e18000-7f1b05e22000 r--p 00179000 fc:01 4422                       /usr/lib/x86_64-linux-gnu/libstdc++.so.6.0.25
7f1b05e22000-7f1b05e24000 rw-p 00183000 fc:01 4422                       /usr/lib/x86_64-linux-gnu/libstdc++.so.6.0.25
7f1b05e24000-7f1b05e28000 rw-p 00000000 00:00 0 
7f1b05e28000-7f1b05e82000 r-xp 00000000 fc:01 18135                      /tmp/libleveldbjni-4277526340770686657.so
7f1b05e82000-7f1b06082000 ---p 0005a000 fc:01 18135                      /tmp/libleveldbjni-4277526340770686657.so
7f1b06082000-7f1b06085000 rw-p 0005a000 fc:01 18135                      /tmp/libleveldbjni-4277526340770686657.so
7f1b06085000-7f1b06096000 r-xp 00000000 fc:01 4102016                    /home/andres/live/java/jdk/jdk1.8.0_271/jre/lib/amd64/libnio.so
7f1b06096000-7f1b06295000 ---p 00011000 fc:01 4102016                    /home/andres/live/java/jdk/jdk1.8.0_271/jre/lib/amd64/libnio.so
7f1b06295000-7f1b06296000 r--p 00010000 fc:01 4102016                    /home/andres/live/java/jdk/jdk1.8.0_271/jre/lib/amd64/libnio.so
7f1b06296000-7f1b06297000 rw-p 00011000 fc:01 4102016                    /home/andres/live/java/jdk/jdk1.8.0_271/jre/lib/amd64/libnio.so
7f1b06297000-7f1b06497000 rw-p 00000000 00:00 0 
7f1b06497000-7f1b06697000 rw-p 00000000 00:00 0 
7f1b06697000-7f1b06897000 rw-p 00000000 00:00 0 
7f1b06897000-7f1b0689a000 ---p 00000000 00:00 0 
7f1b0689a000-7f1b06998000 rw-p 00000000 00:00 0 
7f1b06998000-7f1b069af000 r-xp 00000000 fc:01 628                        /lib/x86_64-linux-gnu/libresolv-2.27.so
7f1b069af000-7f1b06bae000 ---p 00017000 fc:01 628                        /lib/x86_64-linux-gnu/libresolv-2.27.so
7f1b06bae000-7f1b06baf000 r--p 00016000 fc:01 628                        /lib/x86_64-linux-gnu/libresolv-2.27.so
7f1b06baf000-7f1b06bb0000 rw-p 00017000 fc:01 628                        /lib/x86_64-linux-gnu/libresolv-2.27.so
7f1b06bb0000-7f1b06bb2000 rw-p 00000000 00:00 0 
7f1b06bb2000-7f1b06bb7000 r-xp 00000000 fc:01 592                        /lib/x86_64-linux-gnu/libnss_dns-2.27.so
7f1b06bb7000-7f1b06db7000 ---p 00005000 fc:01 592                        /lib/x86_64-linux-gnu/libnss_dns-2.27.so
7f1b06db7000-7f1b06db8000 r--p 00005000 fc:01 592                        /lib/x86_64-linux-gnu/libnss_dns-2.27.so
7f1b06db8000-7f1b06db9000 rw-p 00006000 fc:01 592                        /lib/x86_64-linux-gnu/libnss_dns-2.27.so
7f1b06db9000-7f1b06dcf000 r-xp 00000000 fc:01 4102001                    /home/andres/live/java/jdk/jdk1.8.0_271/jre/lib/amd64/libnet.so
7f1b06dcf000-7f1b06fce000 ---p 00016000 fc:01 4102001                    /home/andres/live/java/jdk/jdk1.8.0_271/jre/lib/amd64/libnet.so
7f1b06fce000-7f1b06fcf000 r--p 00015000 fc:01 4102001                    /home/andres/live/java/jdk/jdk1.8.0_271/jre/lib/amd64/libnet.so
7f1b06fcf000-7f1b06fd0000 rw-p 00016000 fc:01 4102001                    /home/andres/live/java/jdk/jdk1.8.0_271/jre/lib/amd64/libnet.so
7f1b06fd0000-7f1b071d0000 rw-p 00000000 00:00 0 
7f1b071d0000-7f1b071d3000 ---p 00000000 00:00 0 
7f1b071d3000-7f1b072d1000 rw-p 00000000 00:00 0 
7f1b072d1000-7f1b075d0000 r--s 0356d000 fc:01 20993222                   /home/andres/live/litetokens/java-litetokens/build/libs/FullNode.jar
7f1b075d0000-7f1b075d1000 ---p 00000000 00:00 0 
7f1b075d1000-7f1b076d1000 rw-p 00000000 00:00 0 
7f1b076d1000-7f1b076d4000 ---p 00000000 00:00 0 
7f1b076d4000-7f1b077d2000 rw-p 00000000 00:00 0 
7f1b077d2000-7f1b077d3000 ---p 00000000 00:00 0 
7f1b077d3000-7f1b077d6000 ---p 00000000 00:00 0 
7f1b077d6000-7f1b078d3000 rw-p 00000000 00:00 0 
7f1b078d3000-7f1b078d4000 ---p 00000000 00:00 0 
7f1b078d4000-7f1b078d7000 ---p 00000000 00:00 0 
7f1b078d7000-7f1b079d4000 rw-p 00000000 00:00 0 
7f1b079d4000-7f1b079d5000 ---p 00000000 00:00 0 
7f1b079d5000-7f1b079d8000 ---p 00000000 00:00 0 
7f1b079d8000-7f1b07ad5000 rw-p 00000000 00:00 0 
7f1b07ad5000-7f1b07ad8000 ---p 00000000 00:00 0 
7f1b07ad8000-7f1b07bd6000 rw-p 00000000 00:00 0 
7f1b07bd6000-7f1b07eff000 r--p 00000000 fc:01 5507                       /usr/lib/locale/locale-archive
7f1b07eff000-7f1b07f02000 ---p 00000000 00:00 0 
7f1b07f02000-7f1b08000000 rw-p 00000000 00:00 0 
7f1b08000000-7f1b0812b000 rw-p 00000000 00:00 0 
7f1b0812b000-7f1b0c000000 ---p 00000000 00:00 0 
7f1b0c00a000-7f1b0c00f000 r--s 00041000 fc:01 4102138                    /home/andres/live/java/jdk/jdk1.8.0_271/jre/lib/ext/sunjce_provider.jar
7f1b0c09f000-7f1b0c0a2000 ---p 00000000 00:00 0 
7f1b0c0a2000-7f1b10000000 rw-p 00000000 00:00 0 
7f1b10000000-7f1b10021000 rw-p 00000000 00:00 0 
7f1b10021000-7f1b14000000 ---p 00000000 00:00 0 
7f1b14000000-7f1b14021000 rw-p 00000000 00:00 0 
7f1b14021000-7f1b18000000 ---p 00000000 00:00 0 
7f1b18000000-7f1b18202000 rw-p 00000000 00:00 0 
7f1b18202000-7f1b1c000000 ---p 00000000 00:00 0 
7f1b1c000000-7f1b1c2e5000 rw-p 00000000 00:00 0 
7f1b1c2e5000-7f1b20000000 ---p 00000000 00:00 0 
7f1b20001000-7f1b20003000 r--s 00009000 fc:01 4102137                    /home/andres/live/java/jdk/jdk1.8.0_271/jre/lib/ext/sunec.jar
7f1b20003000-7f1b20007000 r--s 00042000 fc:01 4102139                    /home/andres/live/java/jdk/jdk1.8.0_271/jre/lib/ext/sunpkcs11.jar
7f1b20007000-7f1b20009000 r--s 0001b000 fc:01 4102148                    /home/andres/live/java/jdk/jdk1.8.0_271/jre/lib/jce.jar
7f1b2005c000-7f1b200f1000 r--s 0110f000 fc:01 4102144                    /home/andres/live/java/jdk/jdk1.8.0_271/jre/lib/ext/jfxrt.jar
7f1b200f1000-7f1b200f2000 ---p 00000000 00:00 0 
7f1b200f2000-7f1b21000000 rw-p 00000000 00:00 0 
7f1b21000000-7f1b22410000 rwxp 00000000 00:00 0 
7f1b22410000-7f1b30000000 ---p 00000000 00:00 0 
7f1b30000000-7f1b30e2c000 rw-p 00000000 00:00 0 
7f1b30e2c000-7f1b34000000 ---p 00000000 00:00 0 
7f1b34029000-7f1b34039000 rw-s 00000000 fc:01 16911458                   /home/andres/live/litetokens/java-litetokens/output-directory/home/andres/.config/litetokens/database/block_KDB/MANIFEST-000012
7f1b34071000-7f1b3408d000 r--s 00393000 fc:01 4102140                    /home/andres/live/java/jdk/jdk1.8.0_271/jre/lib/ext/cldrdata.jar
7f1b3408d000-7f1b3418e000 rw-p 00000000 00:00 0 
7f1b3418e000-7f1b3436b000 r--s 03e16000 fc:01 4102152                    /home/andres/live/java/jdk/jdk1.8.0_271/jre/lib/rt.jar
7f1b3436b000-7f1b34fc7000 rw-p 00000000 00:00 0 
7f1b34fc7000-7f1b34fc8000 ---p 00000000 00:00 0 
7f1b34fc8000-7f1b350c8000 rw-p 00000000 00:00 0 
7f1b350c8000-7f1b350c9000 ---p 00000000 00:00 0 
7f1b350c9000-7f1b351c9000 rw-p 00000000 00:00 0 
7f1b351c9000-7f1b351ca000 ---p 00000000 00:00 0 
7f1b351ca000-7f1b352ca000 rw-p 00000000 00:00 0 
7f1b352ca000-7f1b352cb000 ---p 00000000 00:00 0 
7f1b352cb000-7f1b353f9000 rw-p 00000000 00:00 0 
7f1b353f9000-7f1b35665000 ---p 00000000 00:00 0 
7f1b35665000-7f1b35693000 rw-p 00000000 00:00 0 
7f1b35693000-7f1b358fe000 ---p 00000000 00:00 0 
7f1b358fe000-7f1b359ee000 rw-p 00000000 00:00 0 
7f1b359ee000-7f1b35a4b000 ---p 00000000 00:00 0 
7f1b35a4b000-7f1b35a9d000 rw-p 00000000 00:00 0 
7f1b35a9d000-7f1b35e0c000 ---p 00000000 00:00 0 
7f1b35e0c000-7f1b35e27000 r-xp 00000000 fc:01 4102000                    /home/andres/live/java/jdk/jdk1.8.0_271/jre/lib/amd64/libzip.so
7f1b35e27000-7f1b36026000 ---p 0001b000 fc:01 4102000                    /home/andres/live/java/jdk/jdk1.8.0_271/jre/lib/amd64/libzip.so
7f1b36026000-7f1b36027000 r--p 0001a000 fc:01 4102000                    /home/andres/live/java/jdk/jdk1.8.0_271/jre/lib/amd64/libzip.so
7f1b36027000-7f1b36028000 rw-p 0001b000 fc:01 4102000                    /home/andres/live/java/jdk/jdk1.8.0_271/jre/lib/amd64/libzip.so
7f1b36028000-7f1b36033000 r-xp 00000000 fc:01 604                        /lib/x86_64-linux-gnu/libnss_files-2.27.so
7f1b36033000-7f1b36232000 ---p 0000b000 fc:01 604                        /lib/x86_64-linux-gnu/libnss_files-2.27.so
7f1b36232000-7f1b36233000 r--p 0000a000 fc:01 604                        /lib/x86_64-linux-gnu/libnss_files-2.27.so
7f1b36233000-7f1b36234000 rw-p 0000b000 fc:01 604                        /lib/x86_64-linux-gnu/libnss_files-2.27.so
7f1b36234000-7f1b3623a000 rw-p 00000000 00:00 0 
7f1b3623a000-7f1b36251000 r-xp 00000000 fc:01 579                        /lib/x86_64-linux-gnu/libnsl-2.27.so
7f1b36251000-7f1b36450000 ---p 00017000 fc:01 579                        /lib/x86_64-linux-gnu/libnsl-2.27.so
7f1b36450000-7f1b36451000 r--p 00016000 fc:01 579                        /lib/x86_64-linux-gnu/libnsl-2.27.so
7f1b36451000-7f1b36452000 rw-p 00017000 fc:01 579                        /lib/x86_64-linux-gnu/libnsl-2.27.so
7f1b36452000-7f1b36454000 rw-p 00000000 00:00 0 
7f1b36454000-7f1b3645f000 r-xp 00000000 fc:01 609                        /lib/x86_64-linux-gnu/libnss_nis-2.27.so
7f1b3645f000-7f1b3665e000 ---p 0000b000 fc:01 609                        /lib/x86_64-linux-gnu/libnss_nis-2.27.so
7f1b3665e000-7f1b3665f000 r--p 0000a000 fc:01 609                        /lib/x86_64-linux-gnu/libnss_nis-2.27.so
7f1b3665f000-7f1b36660000 rw-p 0000b000 fc:01 609                        /lib/x86_64-linux-gnu/libnss_nis-2.27.so
7f1b36660000-7f1b36668000 r-xp 00000000 fc:01 580                        /lib/x86_64-linux-gnu/libnss_compat-2.27.so
7f1b36668000-7f1b36868000 ---p 00008000 fc:01 580                        /lib/x86_64-linux-gnu/libnss_compat-2.27.so
7f1b36868000-7f1b36869000 r--p 00008000 fc:01 580                        /lib/x86_64-linux-gnu/libnss_compat-2.27.so
7f1b36869000-7f1b3686a000 rw-p 00009000 fc:01 580                        /lib/x86_64-linux-gnu/libnss_compat-2.27.so
7f1b3686a000-7f1b36896000 r-xp 00000000 fc:01 4101998                    /home/andres/live/java/jdk/jdk1.8.0_271/jre/lib/amd64/libjava.so
7f1b36896000-7f1b36a96000 ---p 0002c000 fc:01 4101998                    /home/andres/live/java/jdk/jdk1.8.0_271/jre/lib/amd64/libjava.so
7f1b36a96000-7f1b36a97000 r--p 0002c000 fc:01 4101998                    /home/andres/live/java/jdk/jdk1.8.0_271/jre/lib/amd64/libjava.so
7f1b36a97000-7f1b36a99000 rw-p 0002d000 fc:01 4101998                    /home/andres/live/java/jdk/jdk1.8.0_271/jre/lib/amd64/libjava.so
7f1b36a99000-7f1b36aa6000 r-xp 00000000 fc:01 4101987                    /home/andres/live/java/jdk/jdk1.8.0_271/jre/lib/amd64/libverify.so
7f1b36aa6000-7f1b36ca5000 ---p 0000d000 fc:01 4101987                    /home/andres/live/java/jdk/jdk1.8.0_271/jre/lib/amd64/libverify.so
7f1b36ca5000-7f1b36ca7000 r--p 0000c000 fc:01 4101987                    /home/andres/live/java/jdk/jdk1.8.0_271/jre/lib/amd64/libverify.so
7f1b36ca7000-7f1b36ca8000 rw-p 0000e000 fc:01 4101987                    /home/andres/live/java/jdk/jdk1.8.0_271/jre/lib/amd64/libverify.so
7f1b36ca8000-7f1b36caf000 r-xp 00000000 fc:01 630                        /lib/x86_64-linux-gnu/librt-2.27.so
7f1b36caf000-7f1b36eae000 ---p 00007000 fc:01 630                        /lib/x86_64-linux-gnu/librt-2.27.so
7f1b36eae000-7f1b36eaf000 r--p 00006000 fc:01 630                        /lib/x86_64-linux-gnu/librt-2.27.so
7f1b36eaf000-7f1b36eb0000 rw-p 00007000 fc:01 630                        /lib/x86_64-linux-gnu/librt-2.27.so
7f1b36eb0000-7f1b3704d000 r-xp 00000000 fc:01 573                        /lib/x86_64-linux-gnu/libm-2.27.so
7f1b3704d000-7f1b3724c000 ---p 0019d000 fc:01 573                        /lib/x86_64-linux-gnu/libm-2.27.so
7f1b3724c000-7f1b3724d000 r--p 0019c000 fc:01 573                        /lib/x86_64-linux-gnu/libm-2.27.so
7f1b3724d000-7f1b3724e000 rw-p 0019d000 fc:01 573                        /lib/x86_64-linux-gnu/libm-2.27.so
7f1b3724e000-7f1b37f43000 r-xp 00000000 fc:01 4101980                    /home/andres/live/java/jdk/jdk1.8.0_271/jre/lib/amd64/server/libjvm.so
7f1b37f43000-7f1b38143000 ---p 00cf5000 fc:01 4101980                    /home/andres/live/java/jdk/jdk1.8.0_271/jre/lib/amd64/server/libjvm.so
7f1b38143000-7f1b381d9000 r--p 00cf5000 fc:01 4101980                    /home/andres/live/java/jdk/jdk1.8.0_271/jre/lib/amd64/server/libjvm.so
7f1b381d9000-7f1b3820a000 rw-p 00d8b000 fc:01 4101980                    /home/andres/live/java/jdk/jdk1.8.0_271/jre/lib/amd64/server/libjvm.so
7f1b3820a000-7f1b38245000 rw-p 00000000 00:00 0 
7f1b38245000-7f1b3842c000 r-xp 00000000 fc:01 408                        /lib/x86_64-linux-gnu/libc-2.27.so
7f1b3842c000-7f1b3862c000 ---p 001e7000 fc:01 408                        /lib/x86_64-linux-gnu/libc-2.27.so
7f1b3862c000-7f1b38630000 r--p 001e7000 fc:01 408                        /lib/x86_64-linux-gnu/libc-2.27.so
7f1b38630000-7f1b38632000 rw-p 001eb000 fc:01 408                        /lib/x86_64-linux-gnu/libc-2.27.so
7f1b38632000-7f1b38636000 rw-p 00000000 00:00 0 
7f1b38636000-7f1b38639000 r-xp 00000000 fc:01 563                        /lib/x86_64-linux-gnu/libdl-2.27.so
7f1b38639000-7f1b38838000 ---p 00003000 fc:01 563                        /lib/x86_64-linux-gnu/libdl-2.27.so
7f1b38838000-7f1b38839000 r--p 00002000 fc:01 563                        /lib/x86_64-linux-gnu/libdl-2.27.so
7f1b38839000-7f1b3883a000 rw-p 00003000 fc:01 563                        /lib/x86_64-linux-gnu/libdl-2.27.so
7f1b3883a000-7f1b38851000 r-xp 00000000 fc:01 4102419                    /home/andres/live/java/jdk/jdk1.8.0_271/lib/amd64/jli/libjli.so
7f1b38851000-7f1b38a50000 ---p 00017000 fc:01 4102419                    /home/andres/live/java/jdk/jdk1.8.0_271/lib/amd64/jli/libjli.so
7f1b38a50000-7f1b38a51000 r--p 00016000 fc:01 4102419                    /home/andres/live/java/jdk/jdk1.8.0_271/lib/amd64/jli/libjli.so
7f1b38a51000-7f1b38a52000 rw-p 00017000 fc:01 4102419                    /home/andres/live/java/jdk/jdk1.8.0_271/lib/amd64/jli/libjli.so
7f1b38a52000-7f1b38a6c000 r-xp 00000000 fc:01 626                        /lib/x86_64-linux-gnu/libpthread-2.27.so
7f1b38a6c000-7f1b38c6b000 ---p 0001a000 fc:01 626                        /lib/x86_64-linux-gnu/libpthread-2.27.so
7f1b38c6b000-7f1b38c6c000 r--p 00019000 fc:01 626                        /lib/x86_64-linux-gnu/libpthread-2.27.so
7f1b38c6c000-7f1b38c6d000 rw-p 0001a000 fc:01 626                        /lib/x86_64-linux-gnu/libpthread-2.27.so
7f1b38c6d000-7f1b38c71000 rw-p 00000000 00:00 0 
7f1b38c71000-7f1b38c9a000 r-xp 00000000 fc:01 375                        /lib/x86_64-linux-gnu/ld-2.27.so
7f1b38c9c000-7f1b38ca6000 r--s 00116000 fc:01 4102141                    /home/andres/live/java/jdk/jdk1.8.0_271/jre/lib/ext/localedata.jar
7f1b38ca6000-7f1b38cb7000 r--s 001c1000 fc:01 4102151                    /home/andres/live/java/jdk/jdk1.8.0_271/jre/lib/jsse.jar
7f1b38cb7000-7f1b38d89000 rw-p 00000000 00:00 0 
7f1b38d89000-7f1b38d8a000 ---p 00000000 00:00 0 
7f1b38d8a000-7f1b38d8d000 ---p 00000000 00:00 0 
7f1b38d8d000-7f1b38e8c000 rw-p 00000000 00:00 0 
7f1b38e8e000-7f1b38e96000 rw-s 00000000 fc:01 5638863                    /tmp/hsperfdata_andres/25550
7f1b38e96000-7f1b38e97000 rw-p 00000000 00:00 0 
7f1b38e97000-7f1b38e98000 r--p 00000000 00:00 0 
7f1b38e98000-7f1b38e9a000 rw-p 00000000 00:00 0 
7f1b38e9a000-7f1b38e9b000 r--p 00029000 fc:01 375                        /lib/x86_64-linux-gnu/ld-2.27.so
7f1b38e9b000-7f1b38e9c000 rw-p 0002a000 fc:01 375                        /lib/x86_64-linux-gnu/ld-2.27.so
7f1b38e9c000-7f1b38e9d000 rw-p 00000000 00:00 0 
7ffd56b42000-7ffd56b63000 rw-p 00000000 00:00 0                          [stack]
7ffd56ba1000-7ffd56ba4000 r--p 00000000 00:00 0                          [vvar]
7ffd56ba4000-7ffd56ba6000 r-xp 00000000 00:00 0                          [vdso]
ffffffffff600000-ffffffffff601000 r-xp 00000000 00:00 0                  [vsyscall]

VM Arguments:
java_command: build/libs/FullNode.jar -p 23BE964A7E2A0820D67BF893A0828DCF7CA8AA1386092C62D94624C899C636EF --witness -c /home/andres/.config/litetokens/xlt.cfg
java_class_path (initial): build/libs/FullNode.jar
Launcher Type: SUN_STANDARD

Environment Variables:
PATH=/opt/gradle/gradle-4.3/bin:/home/andres/live/java/jdk/jdk1.8.0_271/bin:/home/andres/.rbenv/shims:/home/andres/.rbenv/bin:/home/andres/.nvm/versions/node/v12.20.0/bin:/usr/local/sbin:/usr/local/bin:/usr/sbin:/usr/bin:/sbin:/bin:/usr/games:/usr/local/games:/snap/bin:/home/andres/go/bin:/home/andres/go/bin:/usr/local/go/bin
SHELL=/bin/bash

Signal Handlers:
SIGSEGV: [libjvm.so+0xadf3a0], sa_mask[0]=11111111011111111101111111111110, sa_flags=SA_RESTART|SA_SIGINFO
SIGBUS: [libjvm.so+0xadf3a0], sa_mask[0]=11111111011111111101111111111110, sa_flags=SA_RESTART|SA_SIGINFO
SIGFPE: [libjvm.so+0x913c30], sa_mask[0]=11111111011111111101111111111110, sa_flags=SA_RESTART|SA_SIGINFO
SIGPIPE: [libjvm.so+0x913c30], sa_mask[0]=11111111011111111101111111111110, sa_flags=SA_RESTART|SA_SIGINFO
SIGXFSZ: [libjvm.so+0x913c30], sa_mask[0]=11111111011111111101111111111110, sa_flags=SA_RESTART|SA_SIGINFO
SIGILL: [libjvm.so+0x913c30], sa_mask[0]=11111111011111111101111111111110, sa_flags=SA_RESTART|SA_SIGINFO
SIGUSR1: SIG_DFL, sa_mask[0]=00000000000000000000000000000000, sa_flags=none
SIGUSR2: [libjvm.so+0x913b00], sa_mask[0]=00000000000000000000000000000000, sa_flags=SA_RESTART|SA_SIGINFO
SIGHUP: [libjvm.so+0x914120], sa_mask[0]=11111111011111111101111111111110, sa_flags=SA_RESTART|SA_SIGINFO
SIGINT: [libjvm.so+0x914120], sa_mask[0]=11111111011111111101111111111110, sa_flags=SA_RESTART|SA_SIGINFO
SIGTERM: [libjvm.so+0x914120], sa_mask[0]=11111111011111111101111111111110, sa_flags=SA_RESTART|SA_SIGINFO
SIGQUIT: [libjvm.so+0x914120], sa_mask[0]=11111111011111111101111111111110, sa_flags=SA_RESTART|SA_SIGINFO


---------------  S Y S T E M  ---------------

OS:DISTRIB_ID=Ubuntu
DISTRIB_RELEASE=18.04
DISTRIB_CODENAME=bionic
DISTRIB_DESCRIPTION="Ubuntu 18.04.5 LTS"

uname:Linux 4.15.0-128-generic #131-Ubuntu SMP Wed Dec 9 06:57:35 UTC 2020 x86_64
libc:glibc 2.27 NPTL 2.27 
rlimit: STACK 8192k, CORE 0k, NPROC 31655, NOFILE 1048576, AS infinity
load average:2.71 1.57 1.30

/proc/meminfo:
MemTotal:        8167556 kB
MemFree:          888632 kB
MemAvailable:    3991872 kB
Buffers:          167052 kB
Cached:          2614328 kB
SwapCached:        19720 kB
Active:          4788804 kB
Inactive:        1654944 kB
Active(anon):    2925112 kB
Inactive(anon):   737872 kB
Active(file):    1863692 kB
Inactive(file):   917072 kB
Unevictable:           0 kB
Mlocked:               0 kB
SwapTotal:       8388604 kB
SwapFree:        7699708 kB
Dirty:              1172 kB
Writeback:             0 kB
AnonPages:       3649488 kB
Mapped:          1396176 kB
Shmem:             55340 kB
Slab:             695804 kB
SReclaimable:     626152 kB
SUnreclaim:        69652 kB
KernelStack:        9836 kB
PageTables:        52860 kB
NFS_Unstable:          0 kB
Bounce:                0 kB
WritebackTmp:          0 kB
CommitLimit:    12472380 kB
Committed_AS:    6441812 kB
VmallocTotal:   34359738367 kB
VmallocUsed:           0 kB
VmallocChunk:          0 kB
HardwareCorrupted:     0 kB
AnonHugePages:     59392 kB
ShmemHugePages:        0 kB
ShmemPmdMapped:        0 kB
CmaTotal:              0 kB
CmaFree:               0 kB
HugePages_Total:       0
HugePages_Free:        0
HugePages_Rsvd:        0
HugePages_Surp:        0
Hugepagesize:       2048 kB
DirectMap4k:     1765232 kB
DirectMap2M:     6623232 kB
DirectMap1G:     2097152 kB

container (cgroup) information:
container_type: cgroupv1
cpu_cpuset_cpus: 0-3
cpu_memory_nodes: 0
active_processor_count: 4
cpu_quota: -1
cpu_period: 100000
cpu_shares: -1
memory_limit_in_bytes: -1
memory_and_swap_limit_in_bytes: -2
memory_soft_limit_in_bytes: -1
memory_usage_in_bytes: 5641830400
memory_max_usage_in_bytes: 8068485120


CPU:total 4 (initial active 4) (4 cores per cpu, 1 threads per core) family 6 model 85 stepping 4, cmov, cx8, fxsr, mmx, sse, sse2, sse3, ssse3, sse4.1, sse4.2, popcnt, avx, avx2, aes, clmul, erms, rtm, lzcnt, tsc, bmi1, bmi2

/proc/cpuinfo:
processor	: 0
vendor_id	: GenuineIntel
cpu family	: 6
model		: 85
model name	: Intel Xeon Processor (Skylake, IBRS)
stepping	: 4
microcode	: 0x1
cpu MHz		: 2593.910
cache size	: 16384 KB
physical id	: 0
siblings	: 4
core id		: 0
cpu cores	: 4
apicid		: 0
initial apicid	: 0
fpu		: yes
fpu_exception	: yes
cpuid level	: 13
wp		: yes
flags		: fpu vme de pse tsc msr pae mce cx8 apic sep mtrr pge mca cmov pat pse36 clflush mmx fxsr sse sse2 ht syscall nx pdpe1gb rdtscp lm constant_tsc rep_good nopl xtopology cpuid tsc_known_freq pni pclmulqdq ssse3 fma cx16 pcid sse4_1 sse4_2 x2apic movbe popcnt tsc_deadline_timer aes xsave avx f16c rdrand hypervisor lahf_lm abm cpuid_fault invpcid_single pti ssbd ibrs ibpb fsgsbase bmi1 hle avx2 smep bmi2 erms invpcid rtm avx512f avx512dq clwb avx512cd avx512bw avx512vl xsaveopt arat pku ospke
bugs		: cpu_meltdown spectre_v1 spectre_v2 spec_store_bypass l1tf mds swapgs taa itlb_multihit
bogomips	: 5187.82
clflush size	: 64
cache_alignment	: 64
address sizes	: 40 bits physical, 48 bits virtual
power management:

processor	: 1
vendor_id	: GenuineIntel
cpu family	: 6
model		: 85
model name	: Intel Xeon Processor (Skylake, IBRS)
stepping	: 4
microcode	: 0x1
cpu MHz		: 2593.910
cache size	: 16384 KB
physical id	: 0
siblings	: 4
core id		: 1
cpu cores	: 4
apicid		: 1
initial apicid	: 1
fpu		: yes
fpu_exception	: yes
cpuid level	: 13
wp		: yes
flags		: fpu vme de pse tsc msr pae mce cx8 apic sep mtrr pge mca cmov pat pse36 clflush mmx fxsr sse sse2 ht syscall nx pdpe1gb rdtscp lm constant_tsc rep_good nopl xtopology cpuid tsc_known_freq pni pclmulqdq ssse3 fma cx16 pcid sse4_1 sse4_2 x2apic movbe popcnt tsc_deadline_timer aes xsave avx f16c rdrand hypervisor lahf_lm abm cpuid_fault invpcid_single pti ssbd ibrs ibpb fsgsbase bmi1 hle avx2 smep bmi2 erms invpcid rtm avx512f avx512dq clwb avx512cd avx512bw avx512vl xsaveopt arat pku ospke
bugs		: cpu_meltdown spectre_v1 spectre_v2 spec_store_bypass l1tf mds swapgs taa itlb_multihit
bogomips	: 5187.82
clflush size	: 64
cache_alignment	: 64
address sizes	: 40 bits physical, 48 bits virtual
power management:

processor	: 2
vendor_id	: GenuineIntel
cpu family	: 6
model		: 85
model name	: Intel Xeon Processor (Skylake, IBRS)
stepping	: 4
microcode	: 0x1
cpu MHz		: 2593.910
cache size	: 16384 KB
physical id	: 0
siblings	: 4
core id		: 2
cpu cores	: 4
apicid		: 2
initial apicid	: 2
fpu		: yes
fpu_exception	: yes
cpuid level	: 13
wp		: yes
flags		: fpu vme de pse tsc msr pae mce cx8 apic sep mtrr pge mca cmov pat pse36 clflush mmx fxsr sse sse2 ht syscall nx pdpe1gb rdtscp lm constant_tsc rep_good nopl xtopology cpuid tsc_known_freq pni pclmulqdq ssse3 fma cx16 pcid sse4_1 sse4_2 x2apic movbe popcnt tsc_deadline_timer aes xsave avx f16c rdrand hypervisor lahf_lm abm cpuid_fault invpcid_single pti ssbd ibrs ibpb fsgsbase bmi1 hle avx2 smep bmi2 erms invpcid rtm avx512f avx512dq clwb avx512cd avx512bw avx512vl xsaveopt arat pku ospke
bugs		: cpu_meltdown spectre_v1 spectre_v2 spec_store_bypass l1tf mds swapgs taa itlb_multihit
bogomips	: 5187.82
clflush size	: 64
cache_alignment	: 64
address sizes	: 40 bits physical, 48 bits virtual
power management:

processor	: 3
vendor_id	: GenuineIntel
cpu family	: 6
model		: 85
model name	: Intel Xeon Processor (Skylake, IBRS)
stepping	: 4
microcode	: 0x1
cpu MHz		: 2593.910
cache size	: 16384 KB
physical id	: 0
siblings	: 4
core id		: 3
cpu cores	: 4
apicid		: 3
initial apicid	: 3
fpu		: yes
fpu_exception	: yes
cpuid level	: 13
wp		: yes
flags		: fpu vme de pse tsc msr pae mce cx8 apic sep mtrr pge mca cmov pat pse36 clflush mmx fxsr sse sse2 ht syscall nx pdpe1gb rdtscp lm constant_tsc rep_good nopl xtopology cpuid tsc_known_freq pni pclmulqdq ssse3 fma cx16 pcid sse4_1 sse4_2 x2apic movbe popcnt tsc_deadline_timer aes xsave avx f16c rdrand hypervisor lahf_lm abm cpuid_fault invpcid_single pti ssbd ibrs ibpb fsgsbase bmi1 hle avx2 smep bmi2 erms invpcid rtm avx512f avx512dq clwb avx512cd avx512bw avx512vl xsaveopt arat pku ospke
bugs		: cpu_meltdown spectre_v1 spectre_v2 spec_store_bypass l1tf mds swapgs taa itlb_multihit
bogomips	: 5187.82
clflush size	: 64
cache_alignment	: 64
address sizes	: 40 bits physical, 48 bits virtual
power management:



Memory: 4k page, physical 8167556k(888632k free), swap 8388604k(7699708k free)

vm_info: Java HotSpot(TM) 64-Bit Server VM (25.271-b09) for linux-amd64 JRE (1.8.0_271-b09), built on Sep 16 2020 17:01:41 by "java_re" with gcc 7.3.0

time: Fri Dec 25 04:33:36 2020
timezone: UTC
elapsed time: 5182.856369 seconds (0d 1h 26m 22s)

